2025-08-07 21:53:01,160 - INFO - ============================================================
2025-08-07 21:53:01,161 - INFO - PDF Merger Tool Started
2025-08-07 21:53:01,161 - INFO - ============================================================
2025-08-07 21:53:01,161 - INFO - Checking system requirements...
2025-08-07 21:53:01,161 - DEBUG - Python version: 3.10.0
2025-08-07 21:53:01,162 - DEBUG - PyPDF2 version: 3.0.1
2025-08-07 21:53:01,162 - INFO - Validating directories...
2025-08-07 21:53:01,162 - DEBUG - Input directory path: C:\Projects\PdfMergers\input
2025-08-07 21:53:01,162 - DEBUG - Output directory path: C:\Projects\PdfMergers\output
2025-08-07 21:53:01,162 - DEBUG - Directory exists: input
2025-08-07 21:53:01,162 - DEBUG - Directory exists: output
2025-08-07 21:53:01,162 - INFO - Directory validation completed successfully
2025-08-07 21:53:01,162 - INFO - Searching for PDF files...
2025-08-07 21:53:01,162 - DEBUG - Found 0 PDF files
2025-08-07 21:53:01,162 - WARNING - No PDF files found
2025-08-07 21:53:01,162 - DEBUG - All files in directory: []
2025-08-07 21:53:01,162 - ERROR - No valid PDF files found in the input directory!
2025-08-07 21:53:01,162 - INFO - Please place your PDF files in: C:\Projects\PdfMergers\input
2025-08-07 21:53:25,233 - INFO - ============================================================
2025-08-07 21:53:25,233 - INFO - PDF Merger Tool Started
2025-08-07 21:53:25,233 - INFO - ============================================================
2025-08-07 21:53:25,233 - INFO - Checking system requirements...
2025-08-07 21:53:25,233 - DEBUG - Python version: 3.10.0
2025-08-07 21:53:25,233 - DEBUG - PyPDF2 version: 3.0.1
2025-08-07 21:53:25,233 - INFO - Validating directories...
2025-08-07 21:53:25,233 - DEBUG - Input directory path: C:\Projects\PdfMergers\input
2025-08-07 21:53:25,233 - DEBUG - Output directory path: C:\Projects\PdfMergers\output
2025-08-07 21:53:25,233 - DEBUG - Directory exists: input
2025-08-07 21:53:25,233 - DEBUG - Directory exists: output
2025-08-07 21:53:25,233 - INFO - Directory validation completed successfully
2025-08-07 21:53:25,233 - INFO - Searching for PDF files...
2025-08-07 21:53:25,233 - DEBUG - Found 13 PDF files
2025-08-07 21:53:25,233 - DEBUG - Validating file: BDS - 1112 - ORAL MEDICINE & RADIOLOGY - OMTTP ( DECEMBER-2009 )_DECEMBER-2009 (APR-10).pdf
2025-08-07 21:53:25,233 - DEBUG - File size: 101757 bytes (99.37 KB)
2025-08-07 21:53:25,233 - DEBUG - PDF pages: 1
2025-08-07 21:53:25,233 - DEBUG - File validated: BDS - 1112 - ORAL MEDICINE & RADIOLOGY - OMTTP ( DECEMBER-2009 )_DECEMBER-2009 (APR-10).pdf
2025-08-07 21:53:25,233 - DEBUG - Validating file: BDS - 1112 - ORAL MEDICINE & RADIOLOGY - OMTTP ( DECEMBER-2010 )_DECEMBER-2010 (APR-11).pdf
2025-08-07 21:53:25,233 - DEBUG - File size: 101355 bytes (98.98 KB)
2025-08-07 21:53:25,233 - DEBUG - PDF pages: 1
2025-08-07 21:53:25,233 - DEBUG - File validated: BDS - 1112 - ORAL MEDICINE & RADIOLOGY - OMTTP ( DECEMBER-2010 )_DECEMBER-2010 (APR-11).pdf
2025-08-07 21:53:25,233 - DEBUG - Validating file: BDS - 1112 - ORAL MEDICINE & RADIOLOGY - OMTTP ( DECEMBER-2014 )_DECEMBER-2014 (APR-15).pdf
2025-08-07 21:53:25,233 - DEBUG - File size: 98549 bytes (96.24 KB)
2025-08-07 21:53:25,233 - DEBUG - PDF pages: 1
2025-08-07 21:53:25,233 - DEBUG - File validated: BDS - 1112 - ORAL MEDICINE & RADIOLOGY - OMTTP ( DECEMBER-2014 )_DECEMBER-2014 (APR-15).pdf
2025-08-07 21:53:25,233 - DEBUG - Validating file: BDS - 1112 - ORAL MEDICINE & RADIOLOGY - OMTTP ( DECEMBER-2015 )_DECEMBER-2015 (APR-16).pdf
2025-08-07 21:53:25,248 - DEBUG - File size: 94996 bytes (92.77 KB)
2025-08-07 21:53:25,248 - DEBUG - PDF pages: 1
2025-08-07 21:53:25,248 - DEBUG - File validated: BDS - 1112 - ORAL MEDICINE & RADIOLOGY - OMTTP ( DECEMBER-2015 )_DECEMBER-2015 (APR-16).pdf
2025-08-07 21:53:25,248 - DEBUG - Validating file: BDS - 1112 - ORAL MEDICINE & RADIOLOGY - OMTTP ( DECEMBER-2016 )_DECEMBER-2016 (APR-17).pdf
2025-08-07 21:53:25,248 - DEBUG - File size: 96219 bytes (93.96 KB)
2025-08-07 21:53:25,248 - DEBUG - PDF pages: 1
2025-08-07 21:53:25,248 - DEBUG - File validated: BDS - 1112 - ORAL MEDICINE & RADIOLOGY - OMTTP ( DECEMBER-2016 )_DECEMBER-2016 (APR-17).pdf
2025-08-07 21:53:25,248 - DEBUG - Validating file: BDS - 1112 - ORAL MEDICINE & RADIOLOGY - OMTTP ( JUNE-2009 )_JUNE-2009 (OCT-09).pdf
2025-08-07 21:53:25,248 - DEBUG - File size: 101420 bytes (99.04 KB)
2025-08-07 21:53:25,248 - DEBUG - PDF pages: 1
2025-08-07 21:53:25,248 - DEBUG - File validated: BDS - 1112 - ORAL MEDICINE & RADIOLOGY - OMTTP ( JUNE-2009 )_JUNE-2009 (OCT-09).pdf
2025-08-07 21:53:25,248 - DEBUG - Validating file: BDS - 1112 - ORAL MEDICINE & RADIOLOGY - OMTTP ( JUNE-2011 )_JUNE-2011 (OCT-11) - Copy.pdf
2025-08-07 21:53:25,248 - DEBUG - File size: 102730 bytes (100.32 KB)
2025-08-07 21:53:25,248 - DEBUG - PDF pages: 1
2025-08-07 21:53:25,248 - DEBUG - File validated: BDS - 1112 - ORAL MEDICINE & RADIOLOGY - OMTTP ( JUNE-2011 )_JUNE-2011 (OCT-11) - Copy.pdf
2025-08-07 21:53:25,248 - DEBUG - Validating file: BDS - 1112 - ORAL MEDICINE & RADIOLOGY - OMTTP ( JUNE-2011 )_JUNE-2011 (OCT-11).pdf
2025-08-07 21:53:25,248 - DEBUG - File size: 102188 bytes (99.79 KB)
2025-08-07 21:53:25,248 - DEBUG - PDF pages: 1
2025-08-07 21:53:25,248 - DEBUG - File validated: BDS - 1112 - ORAL MEDICINE & RADIOLOGY - OMTTP ( JUNE-2011 )_JUNE-2011 (OCT-11).pdf
2025-08-07 21:53:25,248 - DEBUG - Validating file: BDS - 1189 - ORAL MEDICINE & RADIOLOGY - OMTTP ( DECEMBER-2018 )_DECEMBER-2018 (APR-19).pdf
2025-08-07 21:53:25,248 - DEBUG - File size: 124503 bytes (121.58 KB)
2025-08-07 21:53:25,264 - DEBUG - PDF pages: 1
2025-08-07 21:53:25,264 - DEBUG - File validated: BDS - 1189 - ORAL MEDICINE & RADIOLOGY - OMTTP ( DECEMBER-2018 )_DECEMBER-2018 (APR-19).pdf
2025-08-07 21:53:25,264 - DEBUG - Validating file: BDS - 1189 - ORAL MEDICINE & RADIOLOGY - OMTTP ( MARCH-2022 )_MARCH-2022 (APR-22).pdf
2025-08-07 21:53:25,264 - DEBUG - File size: 139347 bytes (136.08 KB)
2025-08-07 21:53:25,264 - DEBUG - PDF pages: 1
2025-08-07 21:53:25,264 - DEBUG - File validated: BDS - 1189 - ORAL MEDICINE & RADIOLOGY - OMTTP ( MARCH-2022 )_MARCH-2022 (APR-22).pdf
2025-08-07 21:53:25,264 - DEBUG - Validating file: BDS - 1189 - ORAL MEDICINE & RADIOLOGY - OMTTP ( NOVEMBER-2021 )_NOVEMBER-2021 (OCT-21).pdf
2025-08-07 21:53:25,264 - DEBUG - File size: 139096 bytes (135.84 KB)
2025-08-07 21:53:25,264 - DEBUG - PDF pages: 1
2025-08-07 21:53:25,264 - DEBUG - File validated: BDS - 1189 - ORAL MEDICINE & RADIOLOGY - OMTTP ( NOVEMBER-2021 )_NOVEMBER-2021 (OCT-21).pdf
2025-08-07 21:53:25,264 - DEBUG - Validating file: BDS - 1189 - ORAL MEDICINE & RADIOLOGY - OMTTP ( OCTOBER-2020 )_OCTOBER-2020 (OCT-20).pdf
2025-08-07 21:53:25,264 - DEBUG - File size: 140145 bytes (136.86 KB)
2025-08-07 21:53:25,264 - DEBUG - PDF pages: 1
2025-08-07 21:53:25,264 - DEBUG - File validated: BDS - 1189 - ORAL MEDICINE & RADIOLOGY - OMTTP ( OCTOBER-2020 )_OCTOBER-2020 (OCT-20).pdf
2025-08-07 21:53:25,264 - DEBUG - Validating file: BDS - 1189 - ORAL MEDICINE & RADIOLOGY - OMTTP ( SEPTEMBER-2022 )_SEPTEMBER-2022 (OCT-22).pdf
2025-08-07 21:53:25,264 - DEBUG - File size: 121323 bytes (118.48 KB)
2025-08-07 21:53:25,264 - DEBUG - PDF pages: 1
2025-08-07 21:53:25,264 - DEBUG - File validated: BDS - 1189 - ORAL MEDICINE & RADIOLOGY - OMTTP ( SEPTEMBER-2022 )_SEPTEMBER-2022 (OCT-22).pdf
2025-08-07 21:53:25,264 - INFO - Validation complete: 13 valid files out of 13 found
2025-08-07 21:53:25,264 - INFO - Sorting PDF files alphabetically...
2025-08-07 21:53:25,264 - INFO - File order for merging:
2025-08-07 21:53:25,264 - INFO -   1. BDS - 1112 - ORAL MEDICINE & RADIOLOGY - OMTTP ( DECEMBER-2009 )_DECEMBER-2009 (APR-10).pdf
2025-08-07 21:53:25,264 - INFO -   2. BDS - 1112 - ORAL MEDICINE & RADIOLOGY - OMTTP ( DECEMBER-2010 )_DECEMBER-2010 (APR-11).pdf
2025-08-07 21:53:25,264 - INFO -   3. BDS - 1112 - ORAL MEDICINE & RADIOLOGY - OMTTP ( DECEMBER-2014 )_DECEMBER-2014 (APR-15).pdf
2025-08-07 21:53:25,264 - INFO -   4. BDS - 1112 - ORAL MEDICINE & RADIOLOGY - OMTTP ( DECEMBER-2015 )_DECEMBER-2015 (APR-16).pdf
2025-08-07 21:53:25,264 - INFO -   5. BDS - 1112 - ORAL MEDICINE & RADIOLOGY - OMTTP ( DECEMBER-2016 )_DECEMBER-2016 (APR-17).pdf
2025-08-07 21:53:25,264 - INFO -   6. BDS - 1112 - ORAL MEDICINE & RADIOLOGY - OMTTP ( JUNE-2009 )_JUNE-2009 (OCT-09).pdf
2025-08-07 21:53:25,264 - INFO -   7. BDS - 1112 - ORAL MEDICINE & RADIOLOGY - OMTTP ( JUNE-2011 )_JUNE-2011 (OCT-11) - Copy.pdf
2025-08-07 21:53:25,264 - INFO -   8. BDS - 1112 - ORAL MEDICINE & RADIOLOGY - OMTTP ( JUNE-2011 )_JUNE-2011 (OCT-11).pdf
2025-08-07 21:53:25,264 - INFO -   9. BDS - 1189 - ORAL MEDICINE & RADIOLOGY - OMTTP ( DECEMBER-2018 )_DECEMBER-2018 (APR-19).pdf
2025-08-07 21:53:25,264 - INFO -   10. BDS - 1189 - ORAL MEDICINE & RADIOLOGY - OMTTP ( MARCH-2022 )_MARCH-2022 (APR-22).pdf
2025-08-07 21:53:25,264 - INFO -   11. BDS - 1189 - ORAL MEDICINE & RADIOLOGY - OMTTP ( NOVEMBER-2021 )_NOVEMBER-2021 (OCT-21).pdf
2025-08-07 21:53:25,264 - INFO -   12. BDS - 1189 - ORAL MEDICINE & RADIOLOGY - OMTTP ( OCTOBER-2020 )_OCTOBER-2020 (OCT-20).pdf
2025-08-07 21:53:25,264 - INFO -   13. BDS - 1189 - ORAL MEDICINE & RADIOLOGY - OMTTP ( SEPTEMBER-2022 )_SEPTEMBER-2022 (OCT-22).pdf
2025-08-07 21:53:25,264 - INFO - Default output filename: merged_pdf_20250807_215325.pdf
2025-08-07 21:53:25,264 - INFO - Starting PDF merge process...
2025-08-07 21:53:25,264 - INFO - Output file: merged_pdf_20250807_215325.pdf
2025-08-07 21:53:25,264 - INFO - [1/13] Processing: BDS - 1112 - ORAL MEDICINE & RADIOLOGY - OMTTP ( DECEMBER-2009 )_DECEMBER-2009 (APR-10).pdf
2025-08-07 21:53:25,280 - DEBUG - Adding 1 pages from BDS - 1112 - ORAL MEDICINE & RADIOLOGY - OMTTP ( DECEMBER-2009 )_DECEMBER-2009 (APR-10).pdf
2025-08-07 21:53:25,285 - INFO - [2/13] Processing: BDS - 1112 - ORAL MEDICINE & RADIOLOGY - OMTTP ( DECEMBER-2010 )_DECEMBER-2010 (APR-11).pdf
2025-08-07 21:53:25,285 - DEBUG - Adding 1 pages from BDS - 1112 - ORAL MEDICINE & RADIOLOGY - OMTTP ( DECEMBER-2010 )_DECEMBER-2010 (APR-11).pdf
2025-08-07 21:53:25,296 - INFO - [3/13] Processing: BDS - 1112 - ORAL MEDICINE & RADIOLOGY - OMTTP ( DECEMBER-2014 )_DECEMBER-2014 (APR-15).pdf
2025-08-07 21:53:25,296 - DEBUG - Adding 1 pages from BDS - 1112 - ORAL MEDICINE & RADIOLOGY - OMTTP ( DECEMBER-2014 )_DECEMBER-2014 (APR-15).pdf
2025-08-07 21:53:25,296 - INFO - [4/13] Processing: BDS - 1112 - ORAL MEDICINE & RADIOLOGY - OMTTP ( DECEMBER-2015 )_DECEMBER-2015 (APR-16).pdf
2025-08-07 21:53:25,296 - DEBUG - Adding 1 pages from BDS - 1112 - ORAL MEDICINE & RADIOLOGY - OMTTP ( DECEMBER-2015 )_DECEMBER-2015 (APR-16).pdf
2025-08-07 21:53:25,296 - INFO - [5/13] Processing: BDS - 1112 - ORAL MEDICINE & RADIOLOGY - OMTTP ( DECEMBER-2016 )_DECEMBER-2016 (APR-17).pdf
2025-08-07 21:53:25,296 - DEBUG - Adding 1 pages from BDS - 1112 - ORAL MEDICINE & RADIOLOGY - OMTTP ( DECEMBER-2016 )_DECEMBER-2016 (APR-17).pdf
2025-08-07 21:53:25,312 - INFO - [6/13] Processing: BDS - 1112 - ORAL MEDICINE & RADIOLOGY - OMTTP ( JUNE-2009 )_JUNE-2009 (OCT-09).pdf
2025-08-07 21:53:25,312 - DEBUG - Adding 1 pages from BDS - 1112 - ORAL MEDICINE & RADIOLOGY - OMTTP ( JUNE-2009 )_JUNE-2009 (OCT-09).pdf
2025-08-07 21:53:25,312 - INFO - [7/13] Processing: BDS - 1112 - ORAL MEDICINE & RADIOLOGY - OMTTP ( JUNE-2011 )_JUNE-2011 (OCT-11) - Copy.pdf
2025-08-07 21:53:25,312 - DEBUG - Adding 1 pages from BDS - 1112 - ORAL MEDICINE & RADIOLOGY - OMTTP ( JUNE-2011 )_JUNE-2011 (OCT-11) - Copy.pdf
2025-08-07 21:53:25,328 - INFO - [8/13] Processing: BDS - 1112 - ORAL MEDICINE & RADIOLOGY - OMTTP ( JUNE-2011 )_JUNE-2011 (OCT-11).pdf
2025-08-07 21:53:25,328 - DEBUG - Adding 1 pages from BDS - 1112 - ORAL MEDICINE & RADIOLOGY - OMTTP ( JUNE-2011 )_JUNE-2011 (OCT-11).pdf
2025-08-07 21:53:25,328 - INFO - [9/13] Processing: BDS - 1189 - ORAL MEDICINE & RADIOLOGY - OMTTP ( DECEMBER-2018 )_DECEMBER-2018 (APR-19).pdf
2025-08-07 21:53:25,328 - DEBUG - Adding 1 pages from BDS - 1189 - ORAL MEDICINE & RADIOLOGY - OMTTP ( DECEMBER-2018 )_DECEMBER-2018 (APR-19).pdf
2025-08-07 21:53:25,344 - INFO - [10/13] Processing: BDS - 1189 - ORAL MEDICINE & RADIOLOGY - OMTTP ( MARCH-2022 )_MARCH-2022 (APR-22).pdf
2025-08-07 21:53:25,344 - DEBUG - Adding 1 pages from BDS - 1189 - ORAL MEDICINE & RADIOLOGY - OMTTP ( MARCH-2022 )_MARCH-2022 (APR-22).pdf
2025-08-07 21:53:25,344 - INFO - [11/13] Processing: BDS - 1189 - ORAL MEDICINE & RADIOLOGY - OMTTP ( NOVEMBER-2021 )_NOVEMBER-2021 (OCT-21).pdf
2025-08-07 21:53:25,344 - DEBUG - Adding 1 pages from BDS - 1189 - ORAL MEDICINE & RADIOLOGY - OMTTP ( NOVEMBER-2021 )_NOVEMBER-2021 (OCT-21).pdf
2025-08-07 21:53:25,360 - INFO - [12/13] Processing: BDS - 1189 - ORAL MEDICINE & RADIOLOGY - OMTTP ( OCTOBER-2020 )_OCTOBER-2020 (OCT-20).pdf
2025-08-07 21:53:25,360 - DEBUG - Adding 1 pages from BDS - 1189 - ORAL MEDICINE & RADIOLOGY - OMTTP ( OCTOBER-2020 )_OCTOBER-2020 (OCT-20).pdf
2025-08-07 21:53:25,360 - INFO - [13/13] Processing: BDS - 1189 - ORAL MEDICINE & RADIOLOGY - OMTTP ( SEPTEMBER-2022 )_SEPTEMBER-2022 (OCT-22).pdf
2025-08-07 21:53:25,360 - DEBUG - Adding 1 pages from BDS - 1189 - ORAL MEDICINE & RADIOLOGY - OMTTP ( SEPTEMBER-2022 )_SEPTEMBER-2022 (OCT-22).pdf
2025-08-07 21:53:25,375 - INFO - Writing merged PDF with 13 total pages...
2025-08-07 21:53:25,407 - INFO - ------------------------------------------------------------
2025-08-07 21:53:25,407 - INFO - MERGE SUMMARY
2025-08-07 21:53:25,407 - INFO - ------------------------------------------------------------
2025-08-07 21:53:25,414 - INFO - 
File Details:
2025-08-07 21:53:25,414 - INFO -   • BDS - 1112 - ORAL MEDICINE & RADIOLOGY - OMTTP ( DECEMBER-2009 )_DECEMBER-2009 (APR-10).pdf: 1 pages (99.37 KB)
2025-08-07 21:53:25,414 - INFO -   • BDS - 1112 - ORAL MEDICINE & RADIOLOGY - OMTTP ( DECEMBER-2010 )_DECEMBER-2010 (APR-11).pdf: 1 pages (98.98 KB)
2025-08-07 21:53:25,414 - INFO -   • BDS - 1112 - ORAL MEDICINE & RADIOLOGY - OMTTP ( DECEMBER-2014 )_DECEMBER-2014 (APR-15).pdf: 1 pages (96.24 KB)
2025-08-07 21:53:25,414 - INFO -   • BDS - 1112 - ORAL MEDICINE & RADIOLOGY - OMTTP ( DECEMBER-2015 )_DECEMBER-2015 (APR-16).pdf: 1 pages (92.77 KB)
2025-08-07 21:53:25,414 - INFO -   • BDS - 1112 - ORAL MEDICINE & RADIOLOGY - OMTTP ( DECEMBER-2016 )_DECEMBER-2016 (APR-17).pdf: 1 pages (93.96 KB)
2025-08-07 21:53:25,414 - INFO -   • BDS - 1112 - ORAL MEDICINE & RADIOLOGY - OMTTP ( JUNE-2009 )_JUNE-2009 (OCT-09).pdf: 1 pages (99.04 KB)
2025-08-07 21:53:25,414 - INFO -   • BDS - 1112 - ORAL MEDICINE & RADIOLOGY - OMTTP ( JUNE-2011 )_JUNE-2011 (OCT-11) - Copy.pdf: 1 pages (100.32 KB)
2025-08-07 21:53:25,414 - INFO -   • BDS - 1112 - ORAL MEDICINE & RADIOLOGY - OMTTP ( JUNE-2011 )_JUNE-2011 (OCT-11).pdf: 1 pages (99.79 KB)
2025-08-07 21:53:25,414 - INFO -   • BDS - 1189 - ORAL MEDICINE & RADIOLOGY - OMTTP ( DECEMBER-2018 )_DECEMBER-2018 (APR-19).pdf: 1 pages (121.58 KB)
2025-08-07 21:53:25,414 - INFO -   • BDS - 1189 - ORAL MEDICINE & RADIOLOGY - OMTTP ( MARCH-2022 )_MARCH-2022 (APR-22).pdf: 1 pages (136.08 KB)
2025-08-07 21:53:25,414 - INFO -   • BDS - 1189 - ORAL MEDICINE & RADIOLOGY - OMTTP ( NOVEMBER-2021 )_NOVEMBER-2021 (OCT-21).pdf: 1 pages (135.84 KB)
2025-08-07 21:53:25,414 - INFO -   • BDS - 1189 - ORAL MEDICINE & RADIOLOGY - OMTTP ( OCTOBER-2020 )_OCTOBER-2020 (OCT-20).pdf: 1 pages (136.86 KB)
2025-08-07 21:53:25,414 - INFO -   • BDS - 1189 - ORAL MEDICINE & RADIOLOGY - OMTTP ( SEPTEMBER-2022 )_SEPTEMBER-2022 (OCT-22).pdf: 1 pages (118.48 KB)
2025-08-07 21:53:25,414 - INFO - ============================================================
2025-08-07 21:53:25,414 - INFO - Debug log saved to: pdf_merger_debug.log
2025-08-07 21:53:25,414 - INFO - ============================================================
2025-08-07 22:03:15,103 - INFO - ============================================================
2025-08-07 22:03:15,104 - INFO - PDF Merger Tool Started
2025-08-07 22:03:15,104 - INFO - ============================================================
2025-08-07 22:03:15,105 - INFO - Checking system requirements...
2025-08-07 22:03:15,105 - DEBUG - Python version: 3.10.0
2025-08-07 22:03:15,105 - DEBUG - PyPDF2 version: 3.0.1
2025-08-07 22:03:15,106 - INFO - Validating directories...
2025-08-07 22:03:15,106 - DEBUG - Input directory path: C:\Projects\PdfMergers\input
2025-08-07 22:03:15,106 - DEBUG - Output directory path: C:\Projects\PdfMergers\output
2025-08-07 22:03:15,106 - DEBUG - Directory exists: input
2025-08-07 22:03:15,107 - DEBUG - Directory exists: output
2025-08-07 22:03:15,107 - INFO - Directory validation completed successfully
2025-08-07 22:03:15,107 - INFO - Searching for PDF files...
2025-08-07 22:03:15,108 - DEBUG - Found 21 PDF files
2025-08-07 22:03:15,109 - DEBUG - Validating file: BDS - 1112 - ORAL MEDICINE & RADIOLOGY - OMTTP ( DECEMBER-2009 )_DECEMBER-2009 (APR-10).pdf
2025-08-07 22:03:15,110 - DEBUG - File size: 101757 bytes (99.37 KB)
2025-08-07 22:03:15,113 - DEBUG - PDF pages: 1
2025-08-07 22:03:15,113 - DEBUG - File validated: BDS - 1112 - ORAL MEDICINE & RADIOLOGY - OMTTP ( DECEMBER-2009 )_DECEMBER-2009 (APR-10).pdf
2025-08-07 22:03:15,114 - DEBUG - Validating file: BDS - 1112 - ORAL MEDICINE & RADIOLOGY - OMTTP ( DECEMBER-2010 )_DECEMBER-2010 (APR-11).pdf
2025-08-07 22:03:15,114 - DEBUG - File size: 101355 bytes (98.98 KB)
2025-08-07 22:03:15,119 - DEBUG - PDF pages: 1
2025-08-07 22:03:15,119 - DEBUG - File validated: BDS - 1112 - ORAL MEDICINE & RADIOLOGY - OMTTP ( DECEMBER-2010 )_DECEMBER-2010 (APR-11).pdf
2025-08-07 22:03:15,119 - DEBUG - Validating file: BDS - 1112 - ORAL MEDICINE & RADIOLOGY - OMTTP ( DECEMBER-2014 )_DECEMBER-2014 (APR-15).pdf
2025-08-07 22:03:15,120 - DEBUG - File size: 98549 bytes (96.24 KB)
2025-08-07 22:03:15,122 - DEBUG - PDF pages: 1
2025-08-07 22:03:15,123 - DEBUG - File validated: BDS - 1112 - ORAL MEDICINE & RADIOLOGY - OMTTP ( DECEMBER-2014 )_DECEMBER-2014 (APR-15).pdf
2025-08-07 22:03:15,123 - DEBUG - Validating file: BDS - 1112 - ORAL MEDICINE & RADIOLOGY - OMTTP ( DECEMBER-2015 )_DECEMBER-2015 (APR-16).pdf
2025-08-07 22:03:15,124 - DEBUG - File size: 94996 bytes (92.77 KB)
2025-08-07 22:03:15,127 - DEBUG - PDF pages: 1
2025-08-07 22:03:15,127 - DEBUG - File validated: BDS - 1112 - ORAL MEDICINE & RADIOLOGY - OMTTP ( DECEMBER-2015 )_DECEMBER-2015 (APR-16).pdf
2025-08-07 22:03:15,128 - DEBUG - Validating file: BDS - 1112 - ORAL MEDICINE & RADIOLOGY - OMTTP ( DECEMBER-2016 )_DECEMBER-2016 (APR-17).pdf
2025-08-07 22:03:15,128 - DEBUG - File size: 96219 bytes (93.96 KB)
2025-08-07 22:03:15,130 - DEBUG - PDF pages: 1
2025-08-07 22:03:15,131 - DEBUG - File validated: BDS - 1112 - ORAL MEDICINE & RADIOLOGY - OMTTP ( DECEMBER-2016 )_DECEMBER-2016 (APR-17).pdf
2025-08-07 22:03:15,131 - DEBUG - Validating file: BDS - 1112 - ORAL MEDICINE & RADIOLOGY - OMTTP ( JANUARY-2009 )_DECEMBER-2008 (APR-09).pdf
2025-08-07 22:03:15,132 - DEBUG - File size: 102363 bytes (99.96 KB)
2025-08-07 22:03:15,133 - DEBUG - PDF pages: 1
2025-08-07 22:03:15,133 - DEBUG - File validated: BDS - 1112 - ORAL MEDICINE & RADIOLOGY - OMTTP ( JANUARY-2009 )_DECEMBER-2008 (APR-09).pdf
2025-08-07 22:03:15,134 - DEBUG - Validating file: BDS - 1112 - ORAL MEDICINE & RADIOLOGY - OMTTP ( JUNE-2009 )_JUNE-2009 (OCT-09).pdf
2025-08-07 22:03:15,134 - DEBUG - File size: 101420 bytes (99.04 KB)
2025-08-07 22:03:15,137 - DEBUG - PDF pages: 1
2025-08-07 22:03:15,137 - DEBUG - File validated: BDS - 1112 - ORAL MEDICINE & RADIOLOGY - OMTTP ( JUNE-2009 )_JUNE-2009 (OCT-09).pdf
2025-08-07 22:03:15,137 - DEBUG - Validating file: BDS - 1112 - ORAL MEDICINE & RADIOLOGY - OMTTP ( JUNE-2010 )_JUNE-2010 (OCT-10).pdf
2025-08-07 22:03:15,138 - DEBUG - File size: 100371 bytes (98.02 KB)
2025-08-07 22:03:15,141 - DEBUG - PDF pages: 1
2025-08-07 22:03:15,142 - DEBUG - File validated: BDS - 1112 - ORAL MEDICINE & RADIOLOGY - OMTTP ( JUNE-2010 )_JUNE-2010 (OCT-10).pdf
2025-08-07 22:03:15,143 - DEBUG - Validating file: BDS - 1112 - ORAL MEDICINE & RADIOLOGY - OMTTP ( JUNE-2011 )_JUNE-2011 (OCT-11) - Copy.pdf
2025-08-07 22:03:15,144 - DEBUG - File size: 102730 bytes (100.32 KB)
2025-08-07 22:03:15,146 - DEBUG - PDF pages: 1
2025-08-07 22:03:15,146 - DEBUG - File validated: BDS - 1112 - ORAL MEDICINE & RADIOLOGY - OMTTP ( JUNE-2011 )_JUNE-2011 (OCT-11) - Copy.pdf
2025-08-07 22:03:15,146 - DEBUG - Validating file: BDS - 1112 - ORAL MEDICINE & RADIOLOGY - OMTTP ( JUNE-2011 )_JUNE-2011 (OCT-11).pdf
2025-08-07 22:03:15,147 - DEBUG - File size: 102188 bytes (99.79 KB)
2025-08-07 22:03:15,151 - DEBUG - PDF pages: 1
2025-08-07 22:03:15,152 - DEBUG - File validated: BDS - 1112 - ORAL MEDICINE & RADIOLOGY - OMTTP ( JUNE-2011 )_JUNE-2011 (OCT-11).pdf
2025-08-07 22:03:15,152 - DEBUG - Validating file: BDS - 1112 - ORAL MEDICINE & RADIOLOGY - OMTTP ( JUNE-2015 )_JUNE-2015 (OCT-15).pdf
2025-08-07 22:03:15,152 - DEBUG - File size: 95483 bytes (93.25 KB)
2025-08-07 22:03:15,155 - DEBUG - PDF pages: 1
2025-08-07 22:03:15,157 - DEBUG - File validated: BDS - 1112 - ORAL MEDICINE & RADIOLOGY - OMTTP ( JUNE-2015 )_JUNE-2015 (OCT-15).pdf
2025-08-07 22:03:15,158 - DEBUG - Validating file: BDS - 1189 - ORAL MEDICINE & RADIOLOGY - OMTTP ( AUGUST-2023 )_AUGUST-2023 (OCT-23).pdf
2025-08-07 22:03:15,159 - DEBUG - File size: 144772 bytes (141.38 KB)
2025-08-07 22:03:15,162 - DEBUG - PDF pages: 1
2025-08-07 22:03:15,162 - DEBUG - File validated: BDS - 1189 - ORAL MEDICINE & RADIOLOGY - OMTTP ( AUGUST-2023 )_AUGUST-2023 (OCT-23).pdf
2025-08-07 22:03:15,162 - DEBUG - Validating file: BDS - 1189 - ORAL MEDICINE & RADIOLOGY - OMTTP ( DECEMBER-2018 )_DECEMBER-2018 (APR-19).pdf
2025-08-07 22:03:15,163 - DEBUG - File size: 124503 bytes (121.58 KB)
2025-08-07 22:03:15,165 - DEBUG - PDF pages: 1
2025-08-07 22:03:15,166 - DEBUG - File validated: BDS - 1189 - ORAL MEDICINE & RADIOLOGY - OMTTP ( DECEMBER-2018 )_DECEMBER-2018 (APR-19).pdf
2025-08-07 22:03:15,166 - DEBUG - Validating file: BDS - 1189 - ORAL MEDICINE & RADIOLOGY - OMTTP ( DECEMBER-2019 )_DECEMBER-2019 (APR-20).pdf
2025-08-07 22:03:15,167 - DEBUG - File size: 139117 bytes (135.86 KB)
2025-08-07 22:03:15,173 - DEBUG - PDF pages: 1
2025-08-07 22:03:15,173 - DEBUG - File validated: BDS - 1189 - ORAL MEDICINE & RADIOLOGY - OMTTP ( DECEMBER-2019 )_DECEMBER-2019 (APR-20).pdf
2025-08-07 22:03:15,174 - DEBUG - Validating file: BDS - 1189 - ORAL MEDICINE & RADIOLOGY - OMTTP ( FEBRUARY-2023 )_FEBRUARY-2023 (APR-23).pdf
2025-08-07 22:03:15,174 - DEBUG - File size: 145068 bytes (141.67 KB)
2025-08-07 22:03:15,178 - DEBUG - PDF pages: 1
2025-08-07 22:03:15,179 - DEBUG - File validated: BDS - 1189 - ORAL MEDICINE & RADIOLOGY - OMTTP ( FEBRUARY-2023 )_FEBRUARY-2023 (APR-23).pdf
2025-08-07 22:03:15,179 - DEBUG - Validating file: BDS - 1189 - ORAL MEDICINE & RADIOLOGY - OMTTP ( JULY-2018 )_JULY-2018 (OCT-18).pdf
2025-08-07 22:03:15,181 - DEBUG - File size: 105174 bytes (102.71 KB)
2025-08-07 22:03:15,184 - DEBUG - PDF pages: 1
2025-08-07 22:03:15,187 - DEBUG - File validated: BDS - 1189 - ORAL MEDICINE & RADIOLOGY - OMTTP ( JULY-2018 )_JULY-2018 (OCT-18).pdf
2025-08-07 22:03:15,187 - DEBUG - Validating file: BDS - 1189 - ORAL MEDICINE & RADIOLOGY - OMTTP ( MARCH-2021 )_MARCH-2021 (APR-21).pdf
2025-08-07 22:03:15,188 - DEBUG - File size: 122046 bytes (119.19 KB)
2025-08-07 22:03:15,190 - DEBUG - PDF pages: 1
2025-08-07 22:03:15,190 - DEBUG - File validated: BDS - 1189 - ORAL MEDICINE & RADIOLOGY - OMTTP ( MARCH-2021 )_MARCH-2021 (APR-21).pdf
2025-08-07 22:03:15,191 - DEBUG - Validating file: BDS - 1189 - ORAL MEDICINE & RADIOLOGY - OMTTP ( MARCH-2022 )_MARCH-2022 (APR-22).pdf
2025-08-07 22:03:15,191 - DEBUG - File size: 139347 bytes (136.08 KB)
2025-08-07 22:03:15,193 - DEBUG - PDF pages: 1
2025-08-07 22:03:15,193 - DEBUG - File validated: BDS - 1189 - ORAL MEDICINE & RADIOLOGY - OMTTP ( MARCH-2022 )_MARCH-2022 (APR-22).pdf
2025-08-07 22:03:15,194 - DEBUG - Validating file: BDS - 1189 - ORAL MEDICINE & RADIOLOGY - OMTTP ( NOVEMBER-2021 )_NOVEMBER-2021 (OCT-21).pdf
2025-08-07 22:03:15,195 - DEBUG - File size: 139096 bytes (135.84 KB)
2025-08-07 22:03:15,197 - DEBUG - PDF pages: 1
2025-08-07 22:03:15,197 - DEBUG - File validated: BDS - 1189 - ORAL MEDICINE & RADIOLOGY - OMTTP ( NOVEMBER-2021 )_NOVEMBER-2021 (OCT-21).pdf
2025-08-07 22:03:15,198 - DEBUG - Validating file: BDS - 1189 - ORAL MEDICINE & RADIOLOGY - OMTTP ( OCTOBER-2020 )_OCTOBER-2020 (OCT-20).pdf
2025-08-07 22:03:15,198 - DEBUG - File size: 140145 bytes (136.86 KB)
2025-08-07 22:03:15,200 - DEBUG - PDF pages: 1
2025-08-07 22:03:15,201 - DEBUG - File validated: BDS - 1189 - ORAL MEDICINE & RADIOLOGY - OMTTP ( OCTOBER-2020 )_OCTOBER-2020 (OCT-20).pdf
2025-08-07 22:03:15,202 - DEBUG - Validating file: BDS - 1189 - ORAL MEDICINE & RADIOLOGY - OMTTP ( SEPTEMBER-2022 )_SEPTEMBER-2022 (OCT-22).pdf
2025-08-07 22:03:15,202 - DEBUG - File size: 121323 bytes (118.48 KB)
2025-08-07 22:03:15,206 - DEBUG - PDF pages: 1
2025-08-07 22:03:15,206 - DEBUG - File validated: BDS - 1189 - ORAL MEDICINE & RADIOLOGY - OMTTP ( SEPTEMBER-2022 )_SEPTEMBER-2022 (OCT-22).pdf
2025-08-07 22:03:15,207 - INFO - Validation complete: 21 valid files out of 21 found
2025-08-07 22:03:15,207 - INFO - Sorting PDF files alphabetically...
2025-08-07 22:03:15,207 - INFO - File order for merging:
2025-08-07 22:03:15,208 - INFO -   1. BDS - 1112 - ORAL MEDICINE & RADIOLOGY - OMTTP ( DECEMBER-2009 )_DECEMBER-2009 (APR-10).pdf
2025-08-07 22:03:15,208 - INFO -   2. BDS - 1112 - ORAL MEDICINE & RADIOLOGY - OMTTP ( DECEMBER-2010 )_DECEMBER-2010 (APR-11).pdf
2025-08-07 22:03:15,208 - INFO -   3. BDS - 1112 - ORAL MEDICINE & RADIOLOGY - OMTTP ( DECEMBER-2014 )_DECEMBER-2014 (APR-15).pdf
2025-08-07 22:03:15,208 - INFO -   4. BDS - 1112 - ORAL MEDICINE & RADIOLOGY - OMTTP ( DECEMBER-2015 )_DECEMBER-2015 (APR-16).pdf
2025-08-07 22:03:15,209 - INFO -   5. BDS - 1112 - ORAL MEDICINE & RADIOLOGY - OMTTP ( DECEMBER-2016 )_DECEMBER-2016 (APR-17).pdf
2025-08-07 22:03:15,209 - INFO -   6. BDS - 1112 - ORAL MEDICINE & RADIOLOGY - OMTTP ( JANUARY-2009 )_DECEMBER-2008 (APR-09).pdf
2025-08-07 22:03:15,209 - INFO -   7. BDS - 1112 - ORAL MEDICINE & RADIOLOGY - OMTTP ( JUNE-2009 )_JUNE-2009 (OCT-09).pdf
2025-08-07 22:03:15,209 - INFO -   8. BDS - 1112 - ORAL MEDICINE & RADIOLOGY - OMTTP ( JUNE-2010 )_JUNE-2010 (OCT-10).pdf
2025-08-07 22:03:15,209 - INFO -   9. BDS - 1112 - ORAL MEDICINE & RADIOLOGY - OMTTP ( JUNE-2011 )_JUNE-2011 (OCT-11) - Copy.pdf
2025-08-07 22:03:15,209 - INFO -   10. BDS - 1112 - ORAL MEDICINE & RADIOLOGY - OMTTP ( JUNE-2011 )_JUNE-2011 (OCT-11).pdf
2025-08-07 22:03:15,209 - INFO -   11. BDS - 1112 - ORAL MEDICINE & RADIOLOGY - OMTTP ( JUNE-2015 )_JUNE-2015 (OCT-15).pdf
2025-08-07 22:03:15,210 - INFO -   12. BDS - 1189 - ORAL MEDICINE & RADIOLOGY - OMTTP ( AUGUST-2023 )_AUGUST-2023 (OCT-23).pdf
2025-08-07 22:03:15,210 - INFO -   13. BDS - 1189 - ORAL MEDICINE & RADIOLOGY - OMTTP ( DECEMBER-2018 )_DECEMBER-2018 (APR-19).pdf
2025-08-07 22:03:15,210 - INFO -   14. BDS - 1189 - ORAL MEDICINE & RADIOLOGY - OMTTP ( DECEMBER-2019 )_DECEMBER-2019 (APR-20).pdf
2025-08-07 22:03:15,210 - INFO -   15. BDS - 1189 - ORAL MEDICINE & RADIOLOGY - OMTTP ( FEBRUARY-2023 )_FEBRUARY-2023 (APR-23).pdf
2025-08-07 22:03:15,210 - INFO -   16. BDS - 1189 - ORAL MEDICINE & RADIOLOGY - OMTTP ( JULY-2018 )_JULY-2018 (OCT-18).pdf
2025-08-07 22:03:15,210 - INFO -   17. BDS - 1189 - ORAL MEDICINE & RADIOLOGY - OMTTP ( MARCH-2021 )_MARCH-2021 (APR-21).pdf
2025-08-07 22:03:15,211 - INFO -   18. BDS - 1189 - ORAL MEDICINE & RADIOLOGY - OMTTP ( MARCH-2022 )_MARCH-2022 (APR-22).pdf
2025-08-07 22:03:15,211 - INFO -   19. BDS - 1189 - ORAL MEDICINE & RADIOLOGY - OMTTP ( NOVEMBER-2021 )_NOVEMBER-2021 (OCT-21).pdf
2025-08-07 22:03:15,211 - INFO -   20. BDS - 1189 - ORAL MEDICINE & RADIOLOGY - OMTTP ( OCTOBER-2020 )_OCTOBER-2020 (OCT-20).pdf
2025-08-07 22:03:15,211 - INFO -   21. BDS - 1189 - ORAL MEDICINE & RADIOLOGY - OMTTP ( SEPTEMBER-2022 )_SEPTEMBER-2022 (OCT-22).pdf
2025-08-07 22:03:15,212 - INFO - Default output filename: merged_pdf_20250807_220315.pdf
2025-08-07 22:03:15,212 - INFO - Starting PDF merge process...
2025-08-07 22:03:15,212 - INFO - Output file: merged_pdf_20250807_220315.pdf
2025-08-07 22:03:15,225 - INFO - [1/21] Processing: BDS - 1112 - ORAL MEDICINE & RADIOLOGY - OMTTP ( DECEMBER-2009 )_DECEMBER-2009 (APR-10).pdf
2025-08-07 22:03:15,228 - DEBUG - Adding 1 pages from BDS - 1112 - ORAL MEDICINE & RADIOLOGY - OMTTP ( DECEMBER-2009 )_DECEMBER-2009 (APR-10).pdf
2025-08-07 22:03:15,240 - INFO - [2/21] Processing: BDS - 1112 - ORAL MEDICINE & RADIOLOGY - OMTTP ( DECEMBER-2010 )_DECEMBER-2010 (APR-11).pdf
2025-08-07 22:03:15,243 - DEBUG - Adding 1 pages from BDS - 1112 - ORAL MEDICINE & RADIOLOGY - OMTTP ( DECEMBER-2010 )_DECEMBER-2010 (APR-11).pdf
2025-08-07 22:03:15,254 - INFO - [3/21] Processing: BDS - 1112 - ORAL MEDICINE & RADIOLOGY - OMTTP ( DECEMBER-2014 )_DECEMBER-2014 (APR-15).pdf
2025-08-07 22:03:15,258 - DEBUG - Adding 1 pages from BDS - 1112 - ORAL MEDICINE & RADIOLOGY - OMTTP ( DECEMBER-2014 )_DECEMBER-2014 (APR-15).pdf
2025-08-07 22:03:15,268 - INFO - [4/21] Processing: BDS - 1112 - ORAL MEDICINE & RADIOLOGY - OMTTP ( DECEMBER-2015 )_DECEMBER-2015 (APR-16).pdf
2025-08-07 22:03:15,271 - DEBUG - Adding 1 pages from BDS - 1112 - ORAL MEDICINE & RADIOLOGY - OMTTP ( DECEMBER-2015 )_DECEMBER-2015 (APR-16).pdf
2025-08-07 22:03:15,285 - INFO - [5/21] Processing: BDS - 1112 - ORAL MEDICINE & RADIOLOGY - OMTTP ( DECEMBER-2016 )_DECEMBER-2016 (APR-17).pdf
2025-08-07 22:03:15,288 - DEBUG - Adding 1 pages from BDS - 1112 - ORAL MEDICINE & RADIOLOGY - OMTTP ( DECEMBER-2016 )_DECEMBER-2016 (APR-17).pdf
2025-08-07 22:03:15,298 - INFO - [6/21] Processing: BDS - 1112 - ORAL MEDICINE & RADIOLOGY - OMTTP ( JANUARY-2009 )_DECEMBER-2008 (APR-09).pdf
2025-08-07 22:03:15,300 - DEBUG - Adding 1 pages from BDS - 1112 - ORAL MEDICINE & RADIOLOGY - OMTTP ( JANUARY-2009 )_DECEMBER-2008 (APR-09).pdf
2025-08-07 22:03:15,309 - INFO - [7/21] Processing: BDS - 1112 - ORAL MEDICINE & RADIOLOGY - OMTTP ( JUNE-2009 )_JUNE-2009 (OCT-09).pdf
2025-08-07 22:03:15,313 - DEBUG - Adding 1 pages from BDS - 1112 - ORAL MEDICINE & RADIOLOGY - OMTTP ( JUNE-2009 )_JUNE-2009 (OCT-09).pdf
2025-08-07 22:03:15,324 - INFO - [8/21] Processing: BDS - 1112 - ORAL MEDICINE & RADIOLOGY - OMTTP ( JUNE-2010 )_JUNE-2010 (OCT-10).pdf
2025-08-07 22:03:15,327 - DEBUG - Adding 1 pages from BDS - 1112 - ORAL MEDICINE & RADIOLOGY - OMTTP ( JUNE-2010 )_JUNE-2010 (OCT-10).pdf
2025-08-07 22:03:15,336 - INFO - [9/21] Processing: BDS - 1112 - ORAL MEDICINE & RADIOLOGY - OMTTP ( JUNE-2011 )_JUNE-2011 (OCT-11) - Copy.pdf
2025-08-07 22:03:15,339 - DEBUG - Adding 1 pages from BDS - 1112 - ORAL MEDICINE & RADIOLOGY - OMTTP ( JUNE-2011 )_JUNE-2011 (OCT-11) - Copy.pdf
2025-08-07 22:03:15,352 - INFO - [10/21] Processing: BDS - 1112 - ORAL MEDICINE & RADIOLOGY - OMTTP ( JUNE-2011 )_JUNE-2011 (OCT-11).pdf
2025-08-07 22:03:15,354 - DEBUG - Adding 1 pages from BDS - 1112 - ORAL MEDICINE & RADIOLOGY - OMTTP ( JUNE-2011 )_JUNE-2011 (OCT-11).pdf
2025-08-07 22:03:15,365 - INFO - [11/21] Processing: BDS - 1112 - ORAL MEDICINE & RADIOLOGY - OMTTP ( JUNE-2015 )_JUNE-2015 (OCT-15).pdf
2025-08-07 22:03:15,368 - DEBUG - Adding 1 pages from BDS - 1112 - ORAL MEDICINE & RADIOLOGY - OMTTP ( JUNE-2015 )_JUNE-2015 (OCT-15).pdf
2025-08-07 22:03:15,379 - INFO - [12/21] Processing: BDS - 1189 - ORAL MEDICINE & RADIOLOGY - OMTTP ( AUGUST-2023 )_AUGUST-2023 (OCT-23).pdf
2025-08-07 22:03:15,382 - DEBUG - Adding 1 pages from BDS - 1189 - ORAL MEDICINE & RADIOLOGY - OMTTP ( AUGUST-2023 )_AUGUST-2023 (OCT-23).pdf
2025-08-07 22:03:15,395 - INFO - [13/21] Processing: BDS - 1189 - ORAL MEDICINE & RADIOLOGY - OMTTP ( DECEMBER-2018 )_DECEMBER-2018 (APR-19).pdf
2025-08-07 22:03:15,397 - DEBUG - Adding 1 pages from BDS - 1189 - ORAL MEDICINE & RADIOLOGY - OMTTP ( DECEMBER-2018 )_DECEMBER-2018 (APR-19).pdf
2025-08-07 22:03:15,408 - INFO - [14/21] Processing: BDS - 1189 - ORAL MEDICINE & RADIOLOGY - OMTTP ( DECEMBER-2019 )_DECEMBER-2019 (APR-20).pdf
2025-08-07 22:03:15,442 - DEBUG - Adding 1 pages from BDS - 1189 - ORAL MEDICINE & RADIOLOGY - OMTTP ( DECEMBER-2019 )_DECEMBER-2019 (APR-20).pdf
2025-08-07 22:03:15,464 - INFO - [15/21] Processing: BDS - 1189 - ORAL MEDICINE & RADIOLOGY - OMTTP ( FEBRUARY-2023 )_FEBRUARY-2023 (APR-23).pdf
2025-08-07 22:03:15,466 - DEBUG - Adding 1 pages from BDS - 1189 - ORAL MEDICINE & RADIOLOGY - OMTTP ( FEBRUARY-2023 )_FEBRUARY-2023 (APR-23).pdf
2025-08-07 22:03:15,477 - INFO - [16/21] Processing: BDS - 1189 - ORAL MEDICINE & RADIOLOGY - OMTTP ( JULY-2018 )_JULY-2018 (OCT-18).pdf
2025-08-07 22:03:15,479 - DEBUG - Adding 1 pages from BDS - 1189 - ORAL MEDICINE & RADIOLOGY - OMTTP ( JULY-2018 )_JULY-2018 (OCT-18).pdf
2025-08-07 22:03:15,492 - INFO - [17/21] Processing: BDS - 1189 - ORAL MEDICINE & RADIOLOGY - OMTTP ( MARCH-2021 )_MARCH-2021 (APR-21).pdf
2025-08-07 22:03:15,495 - DEBUG - Adding 1 pages from BDS - 1189 - ORAL MEDICINE & RADIOLOGY - OMTTP ( MARCH-2021 )_MARCH-2021 (APR-21).pdf
2025-08-07 22:03:15,510 - INFO - [18/21] Processing: BDS - 1189 - ORAL MEDICINE & RADIOLOGY - OMTTP ( MARCH-2022 )_MARCH-2022 (APR-22).pdf
2025-08-07 22:03:15,511 - DEBUG - Adding 1 pages from BDS - 1189 - ORAL MEDICINE & RADIOLOGY - OMTTP ( MARCH-2022 )_MARCH-2022 (APR-22).pdf
2025-08-07 22:03:15,523 - INFO - [19/21] Processing: BDS - 1189 - ORAL MEDICINE & RADIOLOGY - OMTTP ( NOVEMBER-2021 )_NOVEMBER-2021 (OCT-21).pdf
2025-08-07 22:03:15,525 - DEBUG - Adding 1 pages from BDS - 1189 - ORAL MEDICINE & RADIOLOGY - OMTTP ( NOVEMBER-2021 )_NOVEMBER-2021 (OCT-21).pdf
2025-08-07 22:03:15,535 - INFO - [20/21] Processing: BDS - 1189 - ORAL MEDICINE & RADIOLOGY - OMTTP ( OCTOBER-2020 )_OCTOBER-2020 (OCT-20).pdf
2025-08-07 22:03:15,537 - DEBUG - Adding 1 pages from BDS - 1189 - ORAL MEDICINE & RADIOLOGY - OMTTP ( OCTOBER-2020 )_OCTOBER-2020 (OCT-20).pdf
2025-08-07 22:03:15,550 - INFO - [21/21] Processing: BDS - 1189 - ORAL MEDICINE & RADIOLOGY - OMTTP ( SEPTEMBER-2022 )_SEPTEMBER-2022 (OCT-22).pdf
2025-08-07 22:03:15,552 - DEBUG - Adding 1 pages from BDS - 1189 - ORAL MEDICINE & RADIOLOGY - OMTTP ( SEPTEMBER-2022 )_SEPTEMBER-2022 (OCT-22).pdf
2025-08-07 22:03:15,562 - INFO - Writing merged PDF with 21 total pages...
2025-08-07 22:03:15,658 - INFO - ------------------------------------------------------------
2025-08-07 22:03:15,658 - INFO - MERGE SUMMARY
2025-08-07 22:03:15,659 - INFO - ------------------------------------------------------------
2025-08-07 22:03:15,676 - INFO - 
File Details:
2025-08-07 22:03:15,676 - INFO -   • BDS - 1112 - ORAL MEDICINE & RADIOLOGY - OMTTP ( DECEMBER-2009 )_DECEMBER-2009 (APR-10).pdf: 1 pages (99.37 KB)
2025-08-07 22:03:15,676 - INFO -   • BDS - 1112 - ORAL MEDICINE & RADIOLOGY - OMTTP ( DECEMBER-2010 )_DECEMBER-2010 (APR-11).pdf: 1 pages (98.98 KB)
2025-08-07 22:03:15,676 - INFO -   • BDS - 1112 - ORAL MEDICINE & RADIOLOGY - OMTTP ( DECEMBER-2014 )_DECEMBER-2014 (APR-15).pdf: 1 pages (96.24 KB)
2025-08-07 22:03:15,676 - INFO -   • BDS - 1112 - ORAL MEDICINE & RADIOLOGY - OMTTP ( DECEMBER-2015 )_DECEMBER-2015 (APR-16).pdf: 1 pages (92.77 KB)
2025-08-07 22:03:15,676 - INFO -   • BDS - 1112 - ORAL MEDICINE & RADIOLOGY - OMTTP ( DECEMBER-2016 )_DECEMBER-2016 (APR-17).pdf: 1 pages (93.96 KB)
2025-08-07 22:03:15,677 - INFO -   • BDS - 1112 - ORAL MEDICINE & RADIOLOGY - OMTTP ( JANUARY-2009 )_DECEMBER-2008 (APR-09).pdf: 1 pages (99.96 KB)
2025-08-07 22:03:15,677 - INFO -   • BDS - 1112 - ORAL MEDICINE & RADIOLOGY - OMTTP ( JUNE-2009 )_JUNE-2009 (OCT-09).pdf: 1 pages (99.04 KB)
2025-08-07 22:03:15,677 - INFO -   • BDS - 1112 - ORAL MEDICINE & RADIOLOGY - OMTTP ( JUNE-2010 )_JUNE-2010 (OCT-10).pdf: 1 pages (98.02 KB)
2025-08-07 22:03:15,678 - INFO -   • BDS - 1112 - ORAL MEDICINE & RADIOLOGY - OMTTP ( JUNE-2011 )_JUNE-2011 (OCT-11) - Copy.pdf: 1 pages (100.32 KB)
2025-08-07 22:03:15,678 - INFO -   • BDS - 1112 - ORAL MEDICINE & RADIOLOGY - OMTTP ( JUNE-2011 )_JUNE-2011 (OCT-11).pdf: 1 pages (99.79 KB)
2025-08-07 22:03:15,678 - INFO -   • BDS - 1112 - ORAL MEDICINE & RADIOLOGY - OMTTP ( JUNE-2015 )_JUNE-2015 (OCT-15).pdf: 1 pages (93.25 KB)
2025-08-07 22:03:15,679 - INFO -   • BDS - 1189 - ORAL MEDICINE & RADIOLOGY - OMTTP ( AUGUST-2023 )_AUGUST-2023 (OCT-23).pdf: 1 pages (141.38 KB)
2025-08-07 22:03:15,679 - INFO -   • BDS - 1189 - ORAL MEDICINE & RADIOLOGY - OMTTP ( DECEMBER-2018 )_DECEMBER-2018 (APR-19).pdf: 1 pages (121.58 KB)
2025-08-07 22:03:15,680 - INFO -   • BDS - 1189 - ORAL MEDICINE & RADIOLOGY - OMTTP ( DECEMBER-2019 )_DECEMBER-2019 (APR-20).pdf: 1 pages (135.86 KB)
2025-08-07 22:03:15,680 - INFO -   • BDS - 1189 - ORAL MEDICINE & RADIOLOGY - OMTTP ( FEBRUARY-2023 )_FEBRUARY-2023 (APR-23).pdf: 1 pages (141.67 KB)
2025-08-07 22:03:15,680 - INFO -   • BDS - 1189 - ORAL MEDICINE & RADIOLOGY - OMTTP ( JULY-2018 )_JULY-2018 (OCT-18).pdf: 1 pages (102.71 KB)
2025-08-07 22:03:15,681 - INFO -   • BDS - 1189 - ORAL MEDICINE & RADIOLOGY - OMTTP ( MARCH-2021 )_MARCH-2021 (APR-21).pdf: 1 pages (119.19 KB)
2025-08-07 22:03:15,681 - INFO -   • BDS - 1189 - ORAL MEDICINE & RADIOLOGY - OMTTP ( MARCH-2022 )_MARCH-2022 (APR-22).pdf: 1 pages (136.08 KB)
2025-08-07 22:03:15,681 - INFO -   • BDS - 1189 - ORAL MEDICINE & RADIOLOGY - OMTTP ( NOVEMBER-2021 )_NOVEMBER-2021 (OCT-21).pdf: 1 pages (135.84 KB)
2025-08-07 22:03:15,681 - INFO -   • BDS - 1189 - ORAL MEDICINE & RADIOLOGY - OMTTP ( OCTOBER-2020 )_OCTOBER-2020 (OCT-20).pdf: 1 pages (136.86 KB)
2025-08-07 22:03:15,682 - INFO -   • BDS - 1189 - ORAL MEDICINE & RADIOLOGY - OMTTP ( SEPTEMBER-2022 )_SEPTEMBER-2022 (OCT-22).pdf: 1 pages (118.48 KB)
2025-08-07 22:03:15,682 - INFO - ============================================================
2025-08-07 22:03:15,682 - INFO - Debug log saved to: pdf_merger_debug.log
2025-08-07 22:03:15,682 - INFO - ============================================================
2025-08-07 22:21:57,914 - INFO - ============================================================
2025-08-07 22:21:57,914 - INFO - PDF Merger Tool Started
2025-08-07 22:21:57,914 - INFO - ============================================================
2025-08-07 22:21:57,914 - INFO - Checking system requirements...
2025-08-07 22:21:57,914 - DEBUG - Python version: 3.10.0
2025-08-07 22:21:57,914 - DEBUG - PyPDF2 version: 3.0.1
2025-08-07 22:21:57,914 - INFO - Validating directories...
2025-08-07 22:21:57,914 - DEBUG - Input directory path: C:\Projects\PdfMergers\input
2025-08-07 22:21:57,914 - DEBUG - Output directory path: C:\Projects\PdfMergers\output
2025-08-07 22:21:57,914 - DEBUG - Directory exists: input
2025-08-07 22:21:57,914 - DEBUG - Directory exists: output
2025-08-07 22:21:57,914 - INFO - Directory validation completed successfully
2025-08-07 22:21:57,914 - INFO - Searching for PDF files...
2025-08-07 22:21:57,914 - DEBUG - Found 27 PDF files
2025-08-07 22:21:57,914 - DEBUG - Validating file: BDS - 1176 - ORAL SURGERY - OSTTP ( DECEMBER-2009 )_DECEMBER-2009 (APR-10).pdf
2025-08-07 22:21:57,914 - DEBUG - File size: 98254 bytes (95.95 KB)
2025-08-07 22:21:57,914 - DEBUG - PDF pages: 1
2025-08-07 22:21:57,914 - DEBUG - File validated: BDS - 1176 - ORAL SURGERY - OSTTP ( DECEMBER-2009 )_DECEMBER-2009 (APR-10).pdf
2025-08-07 22:21:57,914 - DEBUG - Validating file: BDS - 1176 - ORAL SURGERY - OSTTP ( DECEMBER-2010 )_DECEMBER-2010 (APR-11).pdf
2025-08-07 22:21:57,914 - DEBUG - File size: 98726 bytes (96.41 KB)
2025-08-07 22:21:57,914 - DEBUG - PDF pages: 1
2025-08-07 22:21:57,914 - DEBUG - File validated: BDS - 1176 - ORAL SURGERY - OSTTP ( DECEMBER-2010 )_DECEMBER-2010 (APR-11).pdf
2025-08-07 22:21:57,914 - DEBUG - Validating file: BDS - 1176 - ORAL SURGERY - OSTTP ( JULY-AUGUST-2008 )_JULY-AUGUST-2008 (OCT-08).pdf
2025-08-07 22:21:57,922 - DEBUG - File size: 90074 bytes (87.96 KB)
2025-08-07 22:21:57,924 - DEBUG - PDF pages: 1
2025-08-07 22:21:57,924 - DEBUG - File validated: BDS - 1176 - ORAL SURGERY - OSTTP ( JULY-AUGUST-2008 )_JULY-AUGUST-2008 (OCT-08).pdf
2025-08-07 22:21:57,924 - DEBUG - Validating file: BDS - 1176 - ORAL SURGERY - OSTTP ( JUNE-2009 )_JUNE-2009 (OCT-09).pdf
2025-08-07 22:21:57,927 - DEBUG - File size: 99762 bytes (97.42 KB)
2025-08-07 22:21:57,927 - DEBUG - PDF pages: 1
2025-08-07 22:21:57,927 - DEBUG - File validated: BDS - 1176 - ORAL SURGERY - OSTTP ( JUNE-2009 )_JUNE-2009 (OCT-09).pdf
2025-08-07 22:21:57,927 - DEBUG - Validating file: BDS - 1176 - ORAL SURGERY - OSTTP ( JUNE-2010 )_JUNE-2010 (OCT-10).pdf
2025-08-07 22:21:57,927 - DEBUG - File size: 99867 bytes (97.53 KB)
2025-08-07 22:21:57,927 - DEBUG - PDF pages: 1
2025-08-07 22:21:57,927 - DEBUG - File validated: BDS - 1176 - ORAL SURGERY - OSTTP ( JUNE-2010 )_JUNE-2010 (OCT-10).pdf
2025-08-07 22:21:57,927 - DEBUG - Validating file: BDS - 1176 - ORAL SURGERY - OSTTP ( JUNE-2011 )_JUNE-2011 (OCT-11).pdf
2025-08-07 22:21:57,932 - DEBUG - File size: 99272 bytes (96.95 KB)
2025-08-07 22:21:57,934 - DEBUG - PDF pages: 1
2025-08-07 22:21:57,934 - DEBUG - File validated: BDS - 1176 - ORAL SURGERY - OSTTP ( JUNE-2011 )_JUNE-2011 (OCT-11).pdf
2025-08-07 22:21:57,934 - DEBUG - Validating file: BDS - 1195 - ORAL & MAXILLOFACIAL SURGERY - OSTTP ( APRIL-2024 )_APRIL-2024 (APR-24).pdf
2025-08-07 22:21:57,934 - DEBUG - File size: 125916 bytes (122.96 KB)
2025-08-07 22:21:57,934 - DEBUG - PDF pages: 1
2025-08-07 22:21:57,934 - DEBUG - File validated: BDS - 1195 - ORAL & MAXILLOFACIAL SURGERY - OSTTP ( APRIL-2024 )_APRIL-2024 (APR-24).pdf
2025-08-07 22:21:57,934 - DEBUG - Validating file: BDS - 1195 - ORAL & MAXILLOFACIAL SURGERY - OSTTP ( AUGUST-2023 )_AUGUST-2023 (OCT-23).pdf
2025-08-07 22:21:57,934 - DEBUG - File size: 93602 bytes (91.41 KB)
2025-08-07 22:21:57,934 - DEBUG - PDF pages: 1
2025-08-07 22:21:57,934 - DEBUG - File validated: BDS - 1195 - ORAL & MAXILLOFACIAL SURGERY - OSTTP ( AUGUST-2023 )_AUGUST-2023 (OCT-23).pdf
2025-08-07 22:21:57,934 - DEBUG - Validating file: BDS - 1195 - ORAL & MAXILLOFACIAL SURGERY - OSTTP ( AUGUST-2024 )_AUGUST-2024 (OCT-24).pdf
2025-08-07 22:21:57,934 - DEBUG - File size: 97259 bytes (94.98 KB)
2025-08-07 22:21:57,934 - DEBUG - PDF pages: 1
2025-08-07 22:21:57,934 - DEBUG - File validated: BDS - 1195 - ORAL & MAXILLOFACIAL SURGERY - OSTTP ( AUGUST-2024 )_AUGUST-2024 (OCT-24).pdf
2025-08-07 22:21:57,934 - DEBUG - Validating file: BDS - 1195 - ORAL & MAXILLOFACIAL SURGERY - OSTTP ( DECEMBER-2015 )_DECEMBER-2015 (APR-16).pdf
2025-08-07 22:21:57,934 - DEBUG - File size: 96132 bytes (93.88 KB)
2025-08-07 22:21:57,934 - DEBUG - PDF pages: 1
2025-08-07 22:21:57,934 - DEBUG - File validated: BDS - 1195 - ORAL & MAXILLOFACIAL SURGERY - OSTTP ( DECEMBER-2015 )_DECEMBER-2015 (APR-16).pdf
2025-08-07 22:21:57,934 - DEBUG - Validating file: BDS - 1195 - ORAL & MAXILLOFACIAL SURGERY - OSTTP ( DECEMBER-2016 )_DECEMBER-2016 (APR-17).pdf
2025-08-07 22:21:57,934 - DEBUG - File size: 96614 bytes (94.35 KB)
2025-08-07 22:21:57,934 - DEBUG - PDF pages: 1
2025-08-07 22:21:57,934 - DEBUG - File validated: BDS - 1195 - ORAL & MAXILLOFACIAL SURGERY - OSTTP ( DECEMBER-2016 )_DECEMBER-2016 (APR-17).pdf
2025-08-07 22:21:57,934 - DEBUG - Validating file: BDS - 1195 - ORAL & MAXILLOFACIAL SURGERY - OSTTP ( DECEMBER-2017 )_DECEMBER-2017 (APR-18).pdf
2025-08-07 22:21:57,949 - DEBUG - File size: 96411 bytes (94.15 KB)
2025-08-07 22:21:57,951 - DEBUG - PDF pages: 1
2025-08-07 22:21:57,951 - DEBUG - File validated: BDS - 1195 - ORAL & MAXILLOFACIAL SURGERY - OSTTP ( DECEMBER-2017 )_DECEMBER-2017 (APR-18).pdf
2025-08-07 22:21:57,951 - DEBUG - Validating file: BDS - 1195 - ORAL & MAXILLOFACIAL SURGERY - OSTTP ( DECEMBER-2018 )_DECEMBER-2018 (APR-19).pdf
2025-08-07 22:21:57,952 - DEBUG - File size: 95457 bytes (93.22 KB)
2025-08-07 22:21:57,953 - DEBUG - PDF pages: 1
2025-08-07 22:21:57,955 - DEBUG - File validated: BDS - 1195 - ORAL & MAXILLOFACIAL SURGERY - OSTTP ( DECEMBER-2018 )_DECEMBER-2018 (APR-19).pdf
2025-08-07 22:21:57,955 - DEBUG - Validating file: BDS - 1195 - ORAL & MAXILLOFACIAL SURGERY - OSTTP ( DECEMBER-2019 )_DECEMBER-2019 (APR-20).pdf
2025-08-07 22:21:57,955 - DEBUG - File size: 94853 bytes (92.63 KB)
2025-08-07 22:21:57,957 - DEBUG - PDF pages: 1
2025-08-07 22:21:57,957 - DEBUG - File validated: BDS - 1195 - ORAL & MAXILLOFACIAL SURGERY - OSTTP ( DECEMBER-2019 )_DECEMBER-2019 (APR-20).pdf
2025-08-07 22:21:57,957 - DEBUG - Validating file: BDS - 1195 - ORAL & MAXILLOFACIAL SURGERY - OSTTP ( FEBRUARY-2023 )_FEBRUARY-2023 (APR-23).pdf
2025-08-07 22:21:57,957 - DEBUG - File size: 130233 bytes (127.18 KB)
2025-08-07 22:21:57,960 - DEBUG - PDF pages: 1
2025-08-07 22:21:57,960 - DEBUG - File validated: BDS - 1195 - ORAL & MAXILLOFACIAL SURGERY - OSTTP ( FEBRUARY-2023 )_FEBRUARY-2023 (APR-23).pdf
2025-08-07 22:21:57,960 - DEBUG - Validating file: BDS - 1195 - ORAL & MAXILLOFACIAL SURGERY - OSTTP ( JULY-2018 )_JULY-2018 (OCT-18).pdf
2025-08-07 22:21:57,960 - DEBUG - File size: 95064 bytes (92.84 KB)
2025-08-07 22:21:57,960 - DEBUG - PDF pages: 1
2025-08-07 22:21:57,960 - DEBUG - File validated: BDS - 1195 - ORAL & MAXILLOFACIAL SURGERY - OSTTP ( JULY-2018 )_JULY-2018 (OCT-18).pdf
2025-08-07 22:21:57,960 - DEBUG - Validating file: BDS - 1195 - ORAL & MAXILLOFACIAL SURGERY - OSTTP ( JUNE-2014 )_JUNE-2014 (OCT-14).pdf
2025-08-07 22:21:57,960 - DEBUG - File size: 96390 bytes (94.13 KB)
2025-08-07 22:21:57,966 - DEBUG - PDF pages: 1
2025-08-07 22:21:57,966 - DEBUG - File validated: BDS - 1195 - ORAL & MAXILLOFACIAL SURGERY - OSTTP ( JUNE-2014 )_JUNE-2014 (OCT-14).pdf
2025-08-07 22:21:57,966 - DEBUG - Validating file: BDS - 1195 - ORAL & MAXILLOFACIAL SURGERY - OSTTP ( JUNE-2015 )_JUNE-2015 (OCT-15).pdf
2025-08-07 22:21:57,967 - DEBUG - File size: 96213 bytes (93.96 KB)
2025-08-07 22:21:57,971 - DEBUG - PDF pages: 1
2025-08-07 22:21:57,971 - DEBUG - File validated: BDS - 1195 - ORAL & MAXILLOFACIAL SURGERY - OSTTP ( JUNE-2015 )_JUNE-2015 (OCT-15).pdf
2025-08-07 22:21:57,971 - DEBUG - Validating file: BDS - 1195 - ORAL & MAXILLOFACIAL SURGERY - OSTTP ( JUNE-2016 )_JUNE-2016 (OCT-16).pdf
2025-08-07 22:21:57,971 - DEBUG - File size: 97768 bytes (95.48 KB)
2025-08-07 22:21:57,973 - DEBUG - PDF pages: 1
2025-08-07 22:21:57,974 - DEBUG - File validated: BDS - 1195 - ORAL & MAXILLOFACIAL SURGERY - OSTTP ( JUNE-2016 )_JUNE-2016 (OCT-16).pdf
2025-08-07 22:21:57,976 - DEBUG - Validating file: BDS - 1195 - ORAL & MAXILLOFACIAL SURGERY - OSTTP ( JUNE-2017 )_JUNE-2017 (OCT-17).pdf
2025-08-07 22:21:57,976 - DEBUG - File size: 97867 bytes (95.57 KB)
2025-08-07 22:21:57,981 - DEBUG - PDF pages: 1
2025-08-07 22:21:57,982 - DEBUG - File validated: BDS - 1195 - ORAL & MAXILLOFACIAL SURGERY - OSTTP ( JUNE-2017 )_JUNE-2017 (OCT-17).pdf
2025-08-07 22:21:57,982 - DEBUG - Validating file: BDS - 1195 - ORAL & MAXILLOFACIAL SURGERY - OSTTP ( JUNE-2019 )_JUNE-2019 (OCT-19).pdf
2025-08-07 22:21:57,982 - DEBUG - File size: 96918 bytes (94.65 KB)
2025-08-07 22:21:57,984 - DEBUG - PDF pages: 1
2025-08-07 22:21:57,984 - DEBUG - File validated: BDS - 1195 - ORAL & MAXILLOFACIAL SURGERY - OSTTP ( JUNE-2019 )_JUNE-2019 (OCT-19).pdf
2025-08-07 22:21:57,984 - DEBUG - Validating file: BDS - 1195 - ORAL & MAXILLOFACIAL SURGERY - OSTTP ( MARCH-2021 )_MARCH-2021 (APR-21).pdf
2025-08-07 22:21:57,984 - DEBUG - File size: 95157 bytes (92.93 KB)
2025-08-07 22:21:57,988 - DEBUG - PDF pages: 1
2025-08-07 22:21:57,988 - DEBUG - File validated: BDS - 1195 - ORAL & MAXILLOFACIAL SURGERY - OSTTP ( MARCH-2021 )_MARCH-2021 (APR-21).pdf
2025-08-07 22:21:57,988 - DEBUG - Validating file: BDS - 1195 - ORAL & MAXILLOFACIAL SURGERY - OSTTP ( MARCH-2022 )_MARCH-2022 (APR-22).pdf
2025-08-07 22:21:57,988 - DEBUG - File size: 94714 bytes (92.49 KB)
2025-08-07 22:21:57,988 - DEBUG - PDF pages: 1
2025-08-07 22:21:57,991 - DEBUG - File validated: BDS - 1195 - ORAL & MAXILLOFACIAL SURGERY - OSTTP ( MARCH-2022 )_MARCH-2022 (APR-22).pdf
2025-08-07 22:21:57,991 - DEBUG - Validating file: BDS - 1195 - ORAL & MAXILLOFACIAL SURGERY - OSTTP ( MARCH-2025 )_MARCH-2025 (APR-25).pdf
2025-08-07 22:21:57,991 - DEBUG - File size: 95947 bytes (93.70 KB)
2025-08-07 22:21:57,991 - DEBUG - PDF pages: 1
2025-08-07 22:21:57,991 - DEBUG - File validated: BDS - 1195 - ORAL & MAXILLOFACIAL SURGERY - OSTTP ( MARCH-2025 )_MARCH-2025 (APR-25).pdf
2025-08-07 22:21:57,991 - DEBUG - Validating file: BDS - 1195 - ORAL & MAXILLOFACIAL SURGERY - OSTTP ( NOVEMBER-2021 )_NOVEMBER-2021 (OCT-21).pdf
2025-08-07 22:21:57,991 - DEBUG - File size: 96068 bytes (93.82 KB)
2025-08-07 22:21:57,991 - DEBUG - PDF pages: 1
2025-08-07 22:21:57,991 - DEBUG - File validated: BDS - 1195 - ORAL & MAXILLOFACIAL SURGERY - OSTTP ( NOVEMBER-2021 )_NOVEMBER-2021 (OCT-21).pdf
2025-08-07 22:21:57,991 - DEBUG - Validating file: BDS - 1195 - ORAL & MAXILLOFACIAL SURGERY - OSTTP ( OCTOBER-2020 )_OCTOBER-2020 (OCT-20).pdf
2025-08-07 22:21:57,997 - DEBUG - File size: 93416 bytes (91.23 KB)
2025-08-07 22:21:57,998 - DEBUG - PDF pages: 1
2025-08-07 22:21:57,998 - DEBUG - File validated: BDS - 1195 - ORAL & MAXILLOFACIAL SURGERY - OSTTP ( OCTOBER-2020 )_OCTOBER-2020 (OCT-20).pdf
2025-08-07 22:21:57,998 - DEBUG - Validating file: BDS - 1195 - ORAL & MAXILLOFACIAL SURGERY - OSTTP ( SEPTEMBER-2022 )_SEPTEMBER-2022 (OCT-22).pdf
2025-08-07 22:21:57,999 - DEBUG - File size: 96235 bytes (93.98 KB)
2025-08-07 22:21:58,000 - DEBUG - PDF pages: 1
2025-08-07 22:21:58,000 - DEBUG - File validated: BDS - 1195 - ORAL & MAXILLOFACIAL SURGERY - OSTTP ( SEPTEMBER-2022 )_SEPTEMBER-2022 (OCT-22).pdf
2025-08-07 22:21:58,001 - INFO - Validation complete: 27 valid files out of 27 found
2025-08-07 22:21:58,001 - INFO - Sorting PDF files alphabetically...
2025-08-07 22:21:58,001 - INFO - File order for merging:
2025-08-07 22:21:58,001 - INFO -   1. BDS - 1176 - ORAL SURGERY - OSTTP ( DECEMBER-2009 )_DECEMBER-2009 (APR-10).pdf
2025-08-07 22:21:58,001 - INFO -   2. BDS - 1176 - ORAL SURGERY - OSTTP ( DECEMBER-2010 )_DECEMBER-2010 (APR-11).pdf
2025-08-07 22:21:58,001 - INFO -   3. BDS - 1176 - ORAL SURGERY - OSTTP ( JULY-AUGUST-2008 )_JULY-AUGUST-2008 (OCT-08).pdf
2025-08-07 22:21:58,001 - INFO -   4. BDS - 1176 - ORAL SURGERY - OSTTP ( JUNE-2009 )_JUNE-2009 (OCT-09).pdf
2025-08-07 22:21:58,001 - INFO -   5. BDS - 1176 - ORAL SURGERY - OSTTP ( JUNE-2010 )_JUNE-2010 (OCT-10).pdf
2025-08-07 22:21:58,001 - INFO -   6. BDS - 1176 - ORAL SURGERY - OSTTP ( JUNE-2011 )_JUNE-2011 (OCT-11).pdf
2025-08-07 22:21:58,001 - INFO -   7. BDS - 1195 - ORAL & MAXILLOFACIAL SURGERY - OSTTP ( APRIL-2024 )_APRIL-2024 (APR-24).pdf
2025-08-07 22:21:58,001 - INFO -   8. BDS - 1195 - ORAL & MAXILLOFACIAL SURGERY - OSTTP ( AUGUST-2023 )_AUGUST-2023 (OCT-23).pdf
2025-08-07 22:21:58,001 - INFO -   9. BDS - 1195 - ORAL & MAXILLOFACIAL SURGERY - OSTTP ( AUGUST-2024 )_AUGUST-2024 (OCT-24).pdf
2025-08-07 22:21:58,001 - INFO -   10. BDS - 1195 - ORAL & MAXILLOFACIAL SURGERY - OSTTP ( DECEMBER-2015 )_DECEMBER-2015 (APR-16).pdf
2025-08-07 22:21:58,001 - INFO -   11. BDS - 1195 - ORAL & MAXILLOFACIAL SURGERY - OSTTP ( DECEMBER-2016 )_DECEMBER-2016 (APR-17).pdf
2025-08-07 22:21:58,001 - INFO -   12. BDS - 1195 - ORAL & MAXILLOFACIAL SURGERY - OSTTP ( DECEMBER-2017 )_DECEMBER-2017 (APR-18).pdf
2025-08-07 22:21:58,001 - INFO -   13. BDS - 1195 - ORAL & MAXILLOFACIAL SURGERY - OSTTP ( DECEMBER-2018 )_DECEMBER-2018 (APR-19).pdf
2025-08-07 22:21:58,001 - INFO -   14. BDS - 1195 - ORAL & MAXILLOFACIAL SURGERY - OSTTP ( DECEMBER-2019 )_DECEMBER-2019 (APR-20).pdf
2025-08-07 22:21:58,001 - INFO -   15. BDS - 1195 - ORAL & MAXILLOFACIAL SURGERY - OSTTP ( FEBRUARY-2023 )_FEBRUARY-2023 (APR-23).pdf
2025-08-07 22:21:58,001 - INFO -   16. BDS - 1195 - ORAL & MAXILLOFACIAL SURGERY - OSTTP ( JULY-2018 )_JULY-2018 (OCT-18).pdf
2025-08-07 22:21:58,001 - INFO -   17. BDS - 1195 - ORAL & MAXILLOFACIAL SURGERY - OSTTP ( JUNE-2014 )_JUNE-2014 (OCT-14).pdf
2025-08-07 22:21:58,001 - INFO -   18. BDS - 1195 - ORAL & MAXILLOFACIAL SURGERY - OSTTP ( JUNE-2015 )_JUNE-2015 (OCT-15).pdf
2025-08-07 22:21:58,001 - INFO -   19. BDS - 1195 - ORAL & MAXILLOFACIAL SURGERY - OSTTP ( JUNE-2016 )_JUNE-2016 (OCT-16).pdf
2025-08-07 22:21:58,001 - INFO -   20. BDS - 1195 - ORAL & MAXILLOFACIAL SURGERY - OSTTP ( JUNE-2017 )_JUNE-2017 (OCT-17).pdf
2025-08-07 22:21:58,001 - INFO -   21. BDS - 1195 - ORAL & MAXILLOFACIAL SURGERY - OSTTP ( JUNE-2019 )_JUNE-2019 (OCT-19).pdf
2025-08-07 22:21:58,001 - INFO -   22. BDS - 1195 - ORAL & MAXILLOFACIAL SURGERY - OSTTP ( MARCH-2021 )_MARCH-2021 (APR-21).pdf
2025-08-07 22:21:58,001 - INFO -   23. BDS - 1195 - ORAL & MAXILLOFACIAL SURGERY - OSTTP ( MARCH-2022 )_MARCH-2022 (APR-22).pdf
2025-08-07 22:21:58,001 - INFO -   24. BDS - 1195 - ORAL & MAXILLOFACIAL SURGERY - OSTTP ( MARCH-2025 )_MARCH-2025 (APR-25).pdf
2025-08-07 22:21:58,001 - INFO -   25. BDS - 1195 - ORAL & MAXILLOFACIAL SURGERY - OSTTP ( NOVEMBER-2021 )_NOVEMBER-2021 (OCT-21).pdf
2025-08-07 22:21:58,001 - INFO -   26. BDS - 1195 - ORAL & MAXILLOFACIAL SURGERY - OSTTP ( OCTOBER-2020 )_OCTOBER-2020 (OCT-20).pdf
2025-08-07 22:21:58,005 - INFO -   27. BDS - 1195 - ORAL & MAXILLOFACIAL SURGERY - OSTTP ( SEPTEMBER-2022 )_SEPTEMBER-2022 (OCT-22).pdf
2025-08-07 22:21:58,005 - INFO - Default output filename: merged_pdf_20250807_222158.pdf
2025-08-07 22:21:58,005 - INFO - Starting PDF merge process...
2025-08-07 22:21:58,005 - INFO - Output file: merged_pdf_20250807_222158.pdf
2025-08-07 22:21:58,006 - INFO - [1/27] Processing: BDS - 1176 - ORAL SURGERY - OSTTP ( DECEMBER-2009 )_DECEMBER-2009 (APR-10).pdf
2025-08-07 22:21:58,007 - DEBUG - Adding 1 pages from BDS - 1176 - ORAL SURGERY - OSTTP ( DECEMBER-2009 )_DECEMBER-2009 (APR-10).pdf
2025-08-07 22:21:58,008 - INFO - [2/27] Processing: BDS - 1176 - ORAL SURGERY - OSTTP ( DECEMBER-2010 )_DECEMBER-2010 (APR-11).pdf
2025-08-07 22:21:58,018 - DEBUG - Adding 1 pages from BDS - 1176 - ORAL SURGERY - OSTTP ( DECEMBER-2010 )_DECEMBER-2010 (APR-11).pdf
2025-08-07 22:21:58,021 - INFO - [3/27] Processing: BDS - 1176 - ORAL SURGERY - OSTTP ( JULY-AUGUST-2008 )_JULY-AUGUST-2008 (OCT-08).pdf
2025-08-07 22:21:58,021 - DEBUG - Adding 1 pages from BDS - 1176 - ORAL SURGERY - OSTTP ( JULY-AUGUST-2008 )_JULY-AUGUST-2008 (OCT-08).pdf
2025-08-07 22:21:58,031 - INFO - [4/27] Processing: BDS - 1176 - ORAL SURGERY - OSTTP ( JUNE-2009 )_JUNE-2009 (OCT-09).pdf
2025-08-07 22:21:58,033 - DEBUG - Adding 1 pages from BDS - 1176 - ORAL SURGERY - OSTTP ( JUNE-2009 )_JUNE-2009 (OCT-09).pdf
2025-08-07 22:21:58,037 - INFO - [5/27] Processing: BDS - 1176 - ORAL SURGERY - OSTTP ( JUNE-2010 )_JUNE-2010 (OCT-10).pdf
2025-08-07 22:21:58,037 - DEBUG - Adding 1 pages from BDS - 1176 - ORAL SURGERY - OSTTP ( JUNE-2010 )_JUNE-2010 (OCT-10).pdf
2025-08-07 22:21:58,045 - INFO - [6/27] Processing: BDS - 1176 - ORAL SURGERY - OSTTP ( JUNE-2011 )_JUNE-2011 (OCT-11).pdf
2025-08-07 22:21:58,052 - DEBUG - Adding 1 pages from BDS - 1176 - ORAL SURGERY - OSTTP ( JUNE-2011 )_JUNE-2011 (OCT-11).pdf
2025-08-07 22:21:58,058 - INFO - [7/27] Processing: BDS - 1195 - ORAL & MAXILLOFACIAL SURGERY - OSTTP ( APRIL-2024 )_APRIL-2024 (APR-24).pdf
2025-08-07 22:21:58,060 - DEBUG - Adding 1 pages from BDS - 1195 - ORAL & MAXILLOFACIAL SURGERY - OSTTP ( APRIL-2024 )_APRIL-2024 (APR-24).pdf
2025-08-07 22:21:58,060 - INFO - [8/27] Processing: BDS - 1195 - ORAL & MAXILLOFACIAL SURGERY - OSTTP ( AUGUST-2023 )_AUGUST-2023 (OCT-23).pdf
2025-08-07 22:21:58,069 - DEBUG - Adding 1 pages from BDS - 1195 - ORAL & MAXILLOFACIAL SURGERY - OSTTP ( AUGUST-2023 )_AUGUST-2023 (OCT-23).pdf
2025-08-07 22:21:58,071 - INFO - [9/27] Processing: BDS - 1195 - ORAL & MAXILLOFACIAL SURGERY - OSTTP ( AUGUST-2024 )_AUGUST-2024 (OCT-24).pdf
2025-08-07 22:21:58,078 - DEBUG - Adding 1 pages from BDS - 1195 - ORAL & MAXILLOFACIAL SURGERY - OSTTP ( AUGUST-2024 )_AUGUST-2024 (OCT-24).pdf
2025-08-07 22:21:58,082 - INFO - [10/27] Processing: BDS - 1195 - ORAL & MAXILLOFACIAL SURGERY - OSTTP ( DECEMBER-2015 )_DECEMBER-2015 (APR-16).pdf
2025-08-07 22:21:58,085 - DEBUG - Adding 1 pages from BDS - 1195 - ORAL & MAXILLOFACIAL SURGERY - OSTTP ( DECEMBER-2015 )_DECEMBER-2015 (APR-16).pdf
2025-08-07 22:21:58,090 - INFO - [11/27] Processing: BDS - 1195 - ORAL & MAXILLOFACIAL SURGERY - OSTTP ( DECEMBER-2016 )_DECEMBER-2016 (APR-17).pdf
2025-08-07 22:21:58,095 - DEBUG - Adding 1 pages from BDS - 1195 - ORAL & MAXILLOFACIAL SURGERY - OSTTP ( DECEMBER-2016 )_DECEMBER-2016 (APR-17).pdf
2025-08-07 22:21:58,130 - INFO - [12/27] Processing: BDS - 1195 - ORAL & MAXILLOFACIAL SURGERY - OSTTP ( DECEMBER-2017 )_DECEMBER-2017 (APR-18).pdf
2025-08-07 22:21:58,148 - DEBUG - Adding 1 pages from BDS - 1195 - ORAL & MAXILLOFACIAL SURGERY - OSTTP ( DECEMBER-2017 )_DECEMBER-2017 (APR-18).pdf
2025-08-07 22:21:58,156 - INFO - [13/27] Processing: BDS - 1195 - ORAL & MAXILLOFACIAL SURGERY - OSTTP ( DECEMBER-2018 )_DECEMBER-2018 (APR-19).pdf
2025-08-07 22:21:58,156 - DEBUG - Adding 1 pages from BDS - 1195 - ORAL & MAXILLOFACIAL SURGERY - OSTTP ( DECEMBER-2018 )_DECEMBER-2018 (APR-19).pdf
2025-08-07 22:21:58,163 - INFO - [14/27] Processing: BDS - 1195 - ORAL & MAXILLOFACIAL SURGERY - OSTTP ( DECEMBER-2019 )_DECEMBER-2019 (APR-20).pdf
2025-08-07 22:21:58,163 - DEBUG - Adding 1 pages from BDS - 1195 - ORAL & MAXILLOFACIAL SURGERY - OSTTP ( DECEMBER-2019 )_DECEMBER-2019 (APR-20).pdf
2025-08-07 22:21:58,172 - INFO - [15/27] Processing: BDS - 1195 - ORAL & MAXILLOFACIAL SURGERY - OSTTP ( FEBRUARY-2023 )_FEBRUARY-2023 (APR-23).pdf
2025-08-07 22:21:58,173 - DEBUG - Adding 1 pages from BDS - 1195 - ORAL & MAXILLOFACIAL SURGERY - OSTTP ( FEBRUARY-2023 )_FEBRUARY-2023 (APR-23).pdf
2025-08-07 22:21:58,173 - INFO - [16/27] Processing: BDS - 1195 - ORAL & MAXILLOFACIAL SURGERY - OSTTP ( JULY-2018 )_JULY-2018 (OCT-18).pdf
2025-08-07 22:21:58,182 - DEBUG - Adding 1 pages from BDS - 1195 - ORAL & MAXILLOFACIAL SURGERY - OSTTP ( JULY-2018 )_JULY-2018 (OCT-18).pdf
2025-08-07 22:21:58,185 - INFO - [17/27] Processing: BDS - 1195 - ORAL & MAXILLOFACIAL SURGERY - OSTTP ( JUNE-2014 )_JUNE-2014 (OCT-14).pdf
2025-08-07 22:21:58,185 - DEBUG - Adding 1 pages from BDS - 1195 - ORAL & MAXILLOFACIAL SURGERY - OSTTP ( JUNE-2014 )_JUNE-2014 (OCT-14).pdf
2025-08-07 22:21:58,185 - INFO - [18/27] Processing: BDS - 1195 - ORAL & MAXILLOFACIAL SURGERY - OSTTP ( JUNE-2015 )_JUNE-2015 (OCT-15).pdf
2025-08-07 22:21:58,194 - DEBUG - Adding 1 pages from BDS - 1195 - ORAL & MAXILLOFACIAL SURGERY - OSTTP ( JUNE-2015 )_JUNE-2015 (OCT-15).pdf
2025-08-07 22:21:58,200 - INFO - [19/27] Processing: BDS - 1195 - ORAL & MAXILLOFACIAL SURGERY - OSTTP ( JUNE-2016 )_JUNE-2016 (OCT-16).pdf
2025-08-07 22:21:58,206 - DEBUG - Adding 1 pages from BDS - 1195 - ORAL & MAXILLOFACIAL SURGERY - OSTTP ( JUNE-2016 )_JUNE-2016 (OCT-16).pdf
2025-08-07 22:21:58,210 - INFO - [20/27] Processing: BDS - 1195 - ORAL & MAXILLOFACIAL SURGERY - OSTTP ( JUNE-2017 )_JUNE-2017 (OCT-17).pdf
2025-08-07 22:21:58,215 - DEBUG - Adding 1 pages from BDS - 1195 - ORAL & MAXILLOFACIAL SURGERY - OSTTP ( JUNE-2017 )_JUNE-2017 (OCT-17).pdf
2025-08-07 22:21:58,221 - INFO - [21/27] Processing: BDS - 1195 - ORAL & MAXILLOFACIAL SURGERY - OSTTP ( JUNE-2019 )_JUNE-2019 (OCT-19).pdf
2025-08-07 22:21:58,223 - DEBUG - Adding 1 pages from BDS - 1195 - ORAL & MAXILLOFACIAL SURGERY - OSTTP ( JUNE-2019 )_JUNE-2019 (OCT-19).pdf
2025-08-07 22:21:58,224 - INFO - [22/27] Processing: BDS - 1195 - ORAL & MAXILLOFACIAL SURGERY - OSTTP ( MARCH-2021 )_MARCH-2021 (APR-21).pdf
2025-08-07 22:21:58,224 - DEBUG - Adding 1 pages from BDS - 1195 - ORAL & MAXILLOFACIAL SURGERY - OSTTP ( MARCH-2021 )_MARCH-2021 (APR-21).pdf
2025-08-07 22:21:58,236 - INFO - [23/27] Processing: BDS - 1195 - ORAL & MAXILLOFACIAL SURGERY - OSTTP ( MARCH-2022 )_MARCH-2022 (APR-22).pdf
2025-08-07 22:21:58,241 - DEBUG - Adding 1 pages from BDS - 1195 - ORAL & MAXILLOFACIAL SURGERY - OSTTP ( MARCH-2022 )_MARCH-2022 (APR-22).pdf
2025-08-07 22:21:58,247 - INFO - [24/27] Processing: BDS - 1195 - ORAL & MAXILLOFACIAL SURGERY - OSTTP ( MARCH-2025 )_MARCH-2025 (APR-25).pdf
2025-08-07 22:21:58,248 - DEBUG - Adding 1 pages from BDS - 1195 - ORAL & MAXILLOFACIAL SURGERY - OSTTP ( MARCH-2025 )_MARCH-2025 (APR-25).pdf
2025-08-07 22:21:58,253 - INFO - [25/27] Processing: BDS - 1195 - ORAL & MAXILLOFACIAL SURGERY - OSTTP ( NOVEMBER-2021 )_NOVEMBER-2021 (OCT-21).pdf
2025-08-07 22:21:58,256 - DEBUG - Adding 1 pages from BDS - 1195 - ORAL & MAXILLOFACIAL SURGERY - OSTTP ( NOVEMBER-2021 )_NOVEMBER-2021 (OCT-21).pdf
2025-08-07 22:21:58,260 - INFO - [26/27] Processing: BDS - 1195 - ORAL & MAXILLOFACIAL SURGERY - OSTTP ( OCTOBER-2020 )_OCTOBER-2020 (OCT-20).pdf
2025-08-07 22:21:58,262 - DEBUG - Adding 1 pages from BDS - 1195 - ORAL & MAXILLOFACIAL SURGERY - OSTTP ( OCTOBER-2020 )_OCTOBER-2020 (OCT-20).pdf
2025-08-07 22:21:58,269 - INFO - [27/27] Processing: BDS - 1195 - ORAL & MAXILLOFACIAL SURGERY - OSTTP ( SEPTEMBER-2022 )_SEPTEMBER-2022 (OCT-22).pdf
2025-08-07 22:21:58,270 - DEBUG - Adding 1 pages from BDS - 1195 - ORAL & MAXILLOFACIAL SURGERY - OSTTP ( SEPTEMBER-2022 )_SEPTEMBER-2022 (OCT-22).pdf
2025-08-07 22:21:58,275 - INFO - Writing merged PDF with 27 total pages...
2025-08-07 22:21:58,308 - INFO - ------------------------------------------------------------
2025-08-07 22:21:58,308 - INFO - MERGE SUMMARY
2025-08-07 22:21:58,308 - INFO - ------------------------------------------------------------
2025-08-07 22:21:58,318 - INFO - 
File Details:
2025-08-07 22:21:58,318 - INFO -   • BDS - 1176 - ORAL SURGERY - OSTTP ( DECEMBER-2009 )_DECEMBER-2009 (APR-10).pdf: 1 pages (95.95 KB)
2025-08-07 22:21:58,318 - INFO -   • BDS - 1176 - ORAL SURGERY - OSTTP ( DECEMBER-2010 )_DECEMBER-2010 (APR-11).pdf: 1 pages (96.41 KB)
2025-08-07 22:21:58,318 - INFO -   • BDS - 1176 - ORAL SURGERY - OSTTP ( JULY-AUGUST-2008 )_JULY-AUGUST-2008 (OCT-08).pdf: 1 pages (87.96 KB)
2025-08-07 22:21:58,318 - INFO -   • BDS - 1176 - ORAL SURGERY - OSTTP ( JUNE-2009 )_JUNE-2009 (OCT-09).pdf: 1 pages (97.42 KB)
2025-08-07 22:21:58,318 - INFO -   • BDS - 1176 - ORAL SURGERY - OSTTP ( JUNE-2010 )_JUNE-2010 (OCT-10).pdf: 1 pages (97.53 KB)
2025-08-07 22:21:58,318 - INFO -   • BDS - 1176 - ORAL SURGERY - OSTTP ( JUNE-2011 )_JUNE-2011 (OCT-11).pdf: 1 pages (96.95 KB)
2025-08-07 22:21:58,318 - INFO -   • BDS - 1195 - ORAL & MAXILLOFACIAL SURGERY - OSTTP ( APRIL-2024 )_APRIL-2024 (APR-24).pdf: 1 pages (122.96 KB)
2025-08-07 22:21:58,318 - INFO -   • BDS - 1195 - ORAL & MAXILLOFACIAL SURGERY - OSTTP ( AUGUST-2023 )_AUGUST-2023 (OCT-23).pdf: 1 pages (91.41 KB)
2025-08-07 22:21:58,318 - INFO -   • BDS - 1195 - ORAL & MAXILLOFACIAL SURGERY - OSTTP ( AUGUST-2024 )_AUGUST-2024 (OCT-24).pdf: 1 pages (94.98 KB)
2025-08-07 22:21:58,318 - INFO -   • BDS - 1195 - ORAL & MAXILLOFACIAL SURGERY - OSTTP ( DECEMBER-2015 )_DECEMBER-2015 (APR-16).pdf: 1 pages (93.88 KB)
2025-08-07 22:21:58,318 - INFO -   • BDS - 1195 - ORAL & MAXILLOFACIAL SURGERY - OSTTP ( DECEMBER-2016 )_DECEMBER-2016 (APR-17).pdf: 1 pages (94.35 KB)
2025-08-07 22:21:58,318 - INFO -   • BDS - 1195 - ORAL & MAXILLOFACIAL SURGERY - OSTTP ( DECEMBER-2017 )_DECEMBER-2017 (APR-18).pdf: 1 pages (94.15 KB)
2025-08-07 22:21:58,318 - INFO -   • BDS - 1195 - ORAL & MAXILLOFACIAL SURGERY - OSTTP ( DECEMBER-2018 )_DECEMBER-2018 (APR-19).pdf: 1 pages (93.22 KB)
2025-08-07 22:21:58,318 - INFO -   • BDS - 1195 - ORAL & MAXILLOFACIAL SURGERY - OSTTP ( DECEMBER-2019 )_DECEMBER-2019 (APR-20).pdf: 1 pages (92.63 KB)
2025-08-07 22:21:58,318 - INFO -   • BDS - 1195 - ORAL & MAXILLOFACIAL SURGERY - OSTTP ( FEBRUARY-2023 )_FEBRUARY-2023 (APR-23).pdf: 1 pages (127.18 KB)
2025-08-07 22:21:58,318 - INFO -   • BDS - 1195 - ORAL & MAXILLOFACIAL SURGERY - OSTTP ( JULY-2018 )_JULY-2018 (OCT-18).pdf: 1 pages (92.84 KB)
2025-08-07 22:21:58,318 - INFO -   • BDS - 1195 - ORAL & MAXILLOFACIAL SURGERY - OSTTP ( JUNE-2014 )_JUNE-2014 (OCT-14).pdf: 1 pages (94.13 KB)
2025-08-07 22:21:58,318 - INFO -   • BDS - 1195 - ORAL & MAXILLOFACIAL SURGERY - OSTTP ( JUNE-2015 )_JUNE-2015 (OCT-15).pdf: 1 pages (93.96 KB)
2025-08-07 22:21:58,318 - INFO -   • BDS - 1195 - ORAL & MAXILLOFACIAL SURGERY - OSTTP ( JUNE-2016 )_JUNE-2016 (OCT-16).pdf: 1 pages (95.48 KB)
2025-08-07 22:21:58,318 - INFO -   • BDS - 1195 - ORAL & MAXILLOFACIAL SURGERY - OSTTP ( JUNE-2017 )_JUNE-2017 (OCT-17).pdf: 1 pages (95.57 KB)
2025-08-07 22:21:58,318 - INFO -   • BDS - 1195 - ORAL & MAXILLOFACIAL SURGERY - OSTTP ( JUNE-2019 )_JUNE-2019 (OCT-19).pdf: 1 pages (94.65 KB)
2025-08-07 22:21:58,321 - INFO -   • BDS - 1195 - ORAL & MAXILLOFACIAL SURGERY - OSTTP ( MARCH-2021 )_MARCH-2021 (APR-21).pdf: 1 pages (92.93 KB)
2025-08-07 22:21:58,321 - INFO -   • BDS - 1195 - ORAL & MAXILLOFACIAL SURGERY - OSTTP ( MARCH-2022 )_MARCH-2022 (APR-22).pdf: 1 pages (92.49 KB)
2025-08-07 22:21:58,321 - INFO -   • BDS - 1195 - ORAL & MAXILLOFACIAL SURGERY - OSTTP ( MARCH-2025 )_MARCH-2025 (APR-25).pdf: 1 pages (93.70 KB)
2025-08-07 22:21:58,321 - INFO -   • BDS - 1195 - ORAL & MAXILLOFACIAL SURGERY - OSTTP ( NOVEMBER-2021 )_NOVEMBER-2021 (OCT-21).pdf: 1 pages (93.82 KB)
2025-08-07 22:21:58,321 - INFO -   • BDS - 1195 - ORAL & MAXILLOFACIAL SURGERY - OSTTP ( OCTOBER-2020 )_OCTOBER-2020 (OCT-20).pdf: 1 pages (91.23 KB)
2025-08-07 22:21:58,322 - INFO -   • BDS - 1195 - ORAL & MAXILLOFACIAL SURGERY - OSTTP ( SEPTEMBER-2022 )_SEPTEMBER-2022 (OCT-22).pdf: 1 pages (93.98 KB)
2025-08-07 22:21:58,322 - INFO - ============================================================
2025-08-07 22:21:58,322 - INFO - Debug log saved to: pdf_merger_debug.log
2025-08-07 22:21:58,322 - INFO - ============================================================
2025-08-07 22:33:11,083 - INFO - ============================================================
2025-08-07 22:33:11,083 - INFO - PDF Merger Tool Started
2025-08-07 22:33:11,083 - INFO - ============================================================
2025-08-07 22:33:11,083 - INFO - Checking system requirements...
2025-08-07 22:33:11,083 - DEBUG - Python version: 3.10.0
2025-08-07 22:33:11,083 - DEBUG - PyPDF2 version: 3.0.1
2025-08-07 22:33:11,083 - INFO - Validating directories...
2025-08-07 22:33:11,085 - DEBUG - Input directory path: C:\Projects\PdfMergers\input
2025-08-07 22:33:11,085 - DEBUG - Output directory path: C:\Projects\PdfMergers\output
2025-08-07 22:33:11,085 - DEBUG - Directory exists: input
2025-08-07 22:33:11,087 - DEBUG - Directory exists: output
2025-08-07 22:33:11,091 - INFO - Directory validation completed successfully
2025-08-07 22:33:11,097 - INFO - Searching for PDF files...
2025-08-07 22:33:11,100 - DEBUG - Found 31 PDF files
2025-08-07 22:33:11,102 - DEBUG - Validating file: BDS - 1177 - PERIODONTICS - PRTTP ( AUGUST-2007 )_AUGUST-07 (OCT-07).pdf
2025-08-07 22:33:11,113 - DEBUG - File size: 94436 bytes (92.22 KB)
2025-08-07 22:33:11,137 - DEBUG - PDF pages: 1
2025-08-07 22:33:11,190 - DEBUG - File validated: BDS - 1177 - PERIODONTICS - PRTTP ( AUGUST-2007 )_AUGUST-07 (OCT-07).pdf
2025-08-07 22:33:11,242 - DEBUG - Validating file: BDS - 1177 - PERIODONTICS - PRTTP ( DECEMBER-2009 )_DECEMBER-2009 (APR-10).pdf
2025-08-07 22:33:11,255 - DEBUG - File size: 98923 bytes (96.60 KB)
2025-08-07 22:33:11,286 - DEBUG - PDF pages: 1
2025-08-07 22:33:11,293 - DEBUG - File validated: BDS - 1177 - PERIODONTICS - PRTTP ( DECEMBER-2009 )_DECEMBER-2009 (APR-10).pdf
2025-08-07 22:33:11,295 - DEBUG - Validating file: BDS - 1177 - PERIODONTICS - PRTTP ( DECEMBER-2010 )_DECEMBER-2010 (APR-11).pdf
2025-08-07 22:33:11,295 - DEBUG - File size: 98360 bytes (96.05 KB)
2025-08-07 22:33:11,300 - DEBUG - PDF pages: 1
2025-08-07 22:33:11,302 - DEBUG - File validated: BDS - 1177 - PERIODONTICS - PRTTP ( DECEMBER-2010 )_DECEMBER-2010 (APR-11).pdf
2025-08-07 22:33:11,305 - DEBUG - Validating file: BDS - 1177 - PERIODONTICS - PRTTP ( DECEMBER-2016 )_DECEMBER-2016 (APR-17).pdf
2025-08-07 22:33:11,306 - DEBUG - File size: 92620 bytes (90.45 KB)
2025-08-07 22:33:11,308 - DEBUG - PDF pages: 1
2025-08-07 22:33:11,309 - DEBUG - File validated: BDS - 1177 - PERIODONTICS - PRTTP ( DECEMBER-2016 )_DECEMBER-2016 (APR-17).pdf
2025-08-07 22:33:11,314 - DEBUG - Validating file: BDS - 1177 - PERIODONTICS - PRTTP ( JANUARY-2008 )_JAN_FEB-2008 (APR-08).pdf
2025-08-07 22:33:11,318 - DEBUG - File size: 91777 bytes (89.63 KB)
2025-08-07 22:33:11,328 - DEBUG - PDF pages: 1
2025-08-07 22:33:11,329 - DEBUG - File validated: BDS - 1177 - PERIODONTICS - PRTTP ( JANUARY-2008 )_JAN_FEB-2008 (APR-08).pdf
2025-08-07 22:33:11,332 - DEBUG - Validating file: BDS - 1177 - PERIODONTICS - PRTTP ( JANUARY-2009 )_DECEMBER-2008 (APR-09).pdf
2025-08-07 22:33:11,332 - DEBUG - File size: 100516 bytes (98.16 KB)
2025-08-07 22:33:11,336 - DEBUG - PDF pages: 1
2025-08-07 22:33:11,337 - DEBUG - File validated: BDS - 1177 - PERIODONTICS - PRTTP ( JANUARY-2009 )_DECEMBER-2008 (APR-09).pdf
2025-08-07 22:33:11,337 - DEBUG - Validating file: BDS - 1177 - PERIODONTICS - PRTTP ( JULY-AUGUST-2008 )_JULY-AUGUST-2008 (OCT-08).pdf
2025-08-07 22:33:11,341 - DEBUG - File size: 90973 bytes (88.84 KB)
2025-08-07 22:33:11,347 - DEBUG - PDF pages: 1
2025-08-07 22:33:11,350 - DEBUG - File validated: BDS - 1177 - PERIODONTICS - PRTTP ( JULY-AUGUST-2008 )_JULY-AUGUST-2008 (OCT-08).pdf
2025-08-07 22:33:11,351 - DEBUG - Validating file: BDS - 1177 - PERIODONTICS - PRTTP ( JUNE-2009 )_JUNE-2009 (OCT-09).pdf
2025-08-07 22:33:11,362 - DEBUG - File size: 98710 bytes (96.40 KB)
2025-08-07 22:33:11,391 - DEBUG - PDF pages: 1
2025-08-07 22:33:11,402 - DEBUG - File validated: BDS - 1177 - PERIODONTICS - PRTTP ( JUNE-2009 )_JUNE-2009 (OCT-09).pdf
2025-08-07 22:33:11,406 - DEBUG - Validating file: BDS - 1177 - PERIODONTICS - PRTTP ( JUNE-2010 )_JUNE-2010 (OCT-10) (1).pdf
2025-08-07 22:33:11,411 - DEBUG - File size: 99383 bytes (97.05 KB)
2025-08-07 22:33:11,427 - DEBUG - PDF pages: 1
2025-08-07 22:33:11,439 - DEBUG - File validated: BDS - 1177 - PERIODONTICS - PRTTP ( JUNE-2010 )_JUNE-2010 (OCT-10) (1).pdf
2025-08-07 22:33:11,441 - DEBUG - Validating file: BDS - 1177 - PERIODONTICS - PRTTP ( JUNE-2010 )_JUNE-2010 (OCT-10).pdf
2025-08-07 22:33:11,447 - DEBUG - File size: 99377 bytes (97.05 KB)
2025-08-07 22:33:11,474 - DEBUG - PDF pages: 1
2025-08-07 22:33:11,476 - DEBUG - File validated: BDS - 1177 - PERIODONTICS - PRTTP ( JUNE-2010 )_JUNE-2010 (OCT-10).pdf
2025-08-07 22:33:11,476 - DEBUG - Validating file: BDS - 1177 - PERIODONTICS - PRTTP ( JUNE-2011 )_JUNE-2011 (OCT-11).pdf
2025-08-07 22:33:11,488 - DEBUG - File size: 98323 bytes (96.02 KB)
2025-08-07 22:33:11,493 - DEBUG - PDF pages: 1
2025-08-07 22:33:11,496 - DEBUG - File validated: BDS - 1177 - PERIODONTICS - PRTTP ( JUNE-2011 )_JUNE-2011 (OCT-11).pdf
2025-08-07 22:33:11,502 - DEBUG - Validating file: BDS - 1177 - PERIODONTICS - PRTTP ( JUNE-2014 )_JUNE-2014 (OCT-14).pdf
2025-08-07 22:33:11,502 - DEBUG - File size: 108271 bytes (105.73 KB)
2025-08-07 22:33:11,505 - DEBUG - PDF pages: 1
2025-08-07 22:33:11,506 - DEBUG - File validated: BDS - 1177 - PERIODONTICS - PRTTP ( JUNE-2014 )_JUNE-2014 (OCT-14).pdf
2025-08-07 22:33:11,508 - DEBUG - Validating file: BDS - 1177 - PERIODONTICS - PRTTP ( JUNE-2015 )_JUNE-2015 (OCT-15).pdf
2025-08-07 22:33:11,509 - DEBUG - File size: 99747 bytes (97.41 KB)
2025-08-07 22:33:11,513 - DEBUG - PDF pages: 1
2025-08-07 22:33:11,514 - DEBUG - File validated: BDS - 1177 - PERIODONTICS - PRTTP ( JUNE-2015 )_JUNE-2015 (OCT-15).pdf
2025-08-07 22:33:11,517 - DEBUG - Validating file: BDS - 1177 - PERIODONTICS - PRTTP ( JUNE-2016 )_JUNE-2016 (OCT-16).pdf
2025-08-07 22:33:11,522 - DEBUG - File size: 94321 bytes (92.11 KB)
2025-08-07 22:33:11,525 - DEBUG - PDF pages: 1
2025-08-07 22:33:11,527 - DEBUG - File validated: BDS - 1177 - PERIODONTICS - PRTTP ( JUNE-2016 )_JUNE-2016 (OCT-16).pdf
2025-08-07 22:33:11,528 - DEBUG - Validating file: BDS - 1177 - PERIODONTICS - PRTTP ( JUNE-2017 )_JUNE-2017 (OCT-17).pdf
2025-08-07 22:33:11,529 - DEBUG - File size: 93025 bytes (90.84 KB)
2025-08-07 22:33:11,531 - DEBUG - PDF pages: 1
2025-08-07 22:33:11,533 - DEBUG - File validated: BDS - 1177 - PERIODONTICS - PRTTP ( JUNE-2017 )_JUNE-2017 (OCT-17).pdf
2025-08-07 22:33:11,534 - DEBUG - Validating file: BDS - 1192 - PERIODONTICS - PRTTP ( APRIL-2024 )_APRIL-2024 (APR-24).pdf
2025-08-07 22:33:11,535 - DEBUG - File size: 92853 bytes (90.68 KB)
2025-08-07 22:33:11,541 - DEBUG - PDF pages: 1
2025-08-07 22:33:11,546 - DEBUG - File validated: BDS - 1192 - PERIODONTICS - PRTTP ( APRIL-2024 )_APRIL-2024 (APR-24).pdf
2025-08-07 22:33:11,550 - DEBUG - Validating file: BDS - 1192 - PERIODONTICS - PRTTP ( AUGUST-2024 )_AUGUST-2024 (OCT-24).pdf
2025-08-07 22:33:11,558 - DEBUG - File size: 128764 bytes (125.75 KB)
2025-08-07 22:33:11,569 - DEBUG - PDF pages: 1
2025-08-07 22:33:11,572 - DEBUG - File validated: BDS - 1192 - PERIODONTICS - PRTTP ( AUGUST-2024 )_AUGUST-2024 (OCT-24).pdf
2025-08-07 22:33:11,573 - DEBUG - Validating file: BDS - 1192 - PERIODONTICS - PRTTP ( FEBRUARY-2023 )_FEBRUARY-2023 (APR-23).pdf
2025-08-07 22:33:11,574 - DEBUG - File size: 95305 bytes (93.07 KB)
2025-08-07 22:33:11,583 - DEBUG - PDF pages: 1
2025-08-07 22:33:11,585 - DEBUG - File validated: BDS - 1192 - PERIODONTICS - PRTTP ( FEBRUARY-2023 )_FEBRUARY-2023 (APR-23).pdf
2025-08-07 22:33:11,586 - DEBUG - Validating file: BDS - 1192 - PERIODONTICS - PRTTP ( MARCH-2021 )_MARCH-2021 (APR-21).pdf
2025-08-07 22:33:11,592 - DEBUG - File size: 93044 bytes (90.86 KB)
2025-08-07 22:33:11,597 - DEBUG - PDF pages: 1
2025-08-07 22:33:11,604 - DEBUG - File validated: BDS - 1192 - PERIODONTICS - PRTTP ( MARCH-2021 )_MARCH-2021 (APR-21).pdf
2025-08-07 22:33:11,612 - DEBUG - Validating file: BDS - 1192 - PERIODONTICS - PRTTP ( MARCH-2022 )_MARCH-2022 (APR-22).pdf
2025-08-07 22:33:11,618 - DEBUG - File size: 94049 bytes (91.84 KB)
2025-08-07 22:33:11,622 - DEBUG - PDF pages: 1
2025-08-07 22:33:11,625 - DEBUG - File validated: BDS - 1192 - PERIODONTICS - PRTTP ( MARCH-2022 )_MARCH-2022 (APR-22).pdf
2025-08-07 22:33:11,627 - DEBUG - Validating file: BDS - 1192 - PERIODONTICS - PRTTP ( MARCH-2025 )_MARCH-2025 (APR-25).pdf
2025-08-07 22:33:11,628 - DEBUG - File size: 129938 bytes (126.89 KB)
2025-08-07 22:33:11,634 - DEBUG - PDF pages: 1
2025-08-07 22:33:11,636 - DEBUG - File validated: BDS - 1192 - PERIODONTICS - PRTTP ( MARCH-2025 )_MARCH-2025 (APR-25).pdf
2025-08-07 22:33:11,646 - DEBUG - Validating file: BDS - 1192 - PERIODONTICS - PRTTP ( NOVEMBER-2021 )_NOVEMBER-2021 (OCT-21).pdf
2025-08-07 22:33:11,653 - DEBUG - File size: 95474 bytes (93.24 KB)
2025-08-07 22:33:11,657 - DEBUG - PDF pages: 1
2025-08-07 22:33:11,660 - DEBUG - File validated: BDS - 1192 - PERIODONTICS - PRTTP ( NOVEMBER-2021 )_NOVEMBER-2021 (OCT-21).pdf
2025-08-07 22:33:11,661 - DEBUG - Validating file: BDS - 1192 - PERIODONTICS - PRTTP ( SEPTEMBER-2022 )_SEPTEMBER-2022 (OCT-22).pdf
2025-08-07 22:33:11,667 - DEBUG - File size: 95771 bytes (93.53 KB)
2025-08-07 22:33:11,675 - DEBUG - PDF pages: 1
2025-08-07 22:33:11,675 - DEBUG - File validated: BDS - 1192 - PERIODONTICS - PRTTP ( SEPTEMBER-2022 )_SEPTEMBER-2022 (OCT-22).pdf
2025-08-07 22:33:11,675 - DEBUG - Validating file: BDS - 1192 - PERIODONTOLOGY - PETTP ( DECEMBER-2014 )_DECEMBER-2014 (APR-15).pdf
2025-08-07 22:33:11,677 - DEBUG - File size: 93409 bytes (91.22 KB)
2025-08-07 22:33:11,682 - DEBUG - PDF pages: 1
2025-08-07 22:33:11,684 - DEBUG - File validated: BDS - 1192 - PERIODONTOLOGY - PETTP ( DECEMBER-2014 )_DECEMBER-2014 (APR-15).pdf
2025-08-07 22:33:11,684 - DEBUG - Validating file: BDS - 1192 - PERIODONTOLOGY - PETTP ( DECEMBER-2015 )_DECEMBER-2015 (APR-16).pdf
2025-08-07 22:33:11,684 - DEBUG - File size: 93139 bytes (90.96 KB)
2025-08-07 22:33:11,691 - DEBUG - PDF pages: 1
2025-08-07 22:33:11,692 - DEBUG - File validated: BDS - 1192 - PERIODONTOLOGY - PETTP ( DECEMBER-2015 )_DECEMBER-2015 (APR-16).pdf
2025-08-07 22:33:11,692 - DEBUG - Validating file: BDS - 1192 - PERIODONTOLOGY - PETTP ( DECEMBER-2017 )_DECEMBER-2017 (APR-18).pdf
2025-08-07 22:33:11,696 - DEBUG - File size: 94245 bytes (92.04 KB)
2025-08-07 22:33:11,700 - DEBUG - PDF pages: 1
2025-08-07 22:33:11,703 - DEBUG - File validated: BDS - 1192 - PERIODONTOLOGY - PETTP ( DECEMBER-2017 )_DECEMBER-2017 (APR-18).pdf
2025-08-07 22:33:11,704 - DEBUG - Validating file: BDS - 1192 - PERIODONTOLOGY - PETTP ( DECEMBER-2018 )_DECEMBER-2018 (APR-19).pdf
2025-08-07 22:33:11,704 - DEBUG - File size: 93713 bytes (91.52 KB)
2025-08-07 22:33:11,710 - DEBUG - PDF pages: 1
2025-08-07 22:33:11,711 - DEBUG - File validated: BDS - 1192 - PERIODONTOLOGY - PETTP ( DECEMBER-2018 )_DECEMBER-2018 (APR-19).pdf
2025-08-07 22:33:11,711 - DEBUG - Validating file: BDS - 1192 - PERIODONTOLOGY - PETTP ( DECEMBER-2019 )_DECEMBER-2019 (APR-20).pdf
2025-08-07 22:33:11,716 - DEBUG - File size: 95991 bytes (93.74 KB)
2025-08-07 22:33:11,720 - DEBUG - PDF pages: 1
2025-08-07 22:33:11,724 - DEBUG - File validated: BDS - 1192 - PERIODONTOLOGY - PETTP ( DECEMBER-2019 )_DECEMBER-2019 (APR-20).pdf
2025-08-07 22:33:11,725 - DEBUG - Validating file: BDS - 1192 - PERIODONTOLOGY - PETTP ( JULY-2018 )_JULY-2018 (OCT-18).pdf
2025-08-07 22:33:11,730 - DEBUG - File size: 93371 bytes (91.18 KB)
2025-08-07 22:33:11,733 - DEBUG - PDF pages: 1
2025-08-07 22:33:11,738 - DEBUG - File validated: BDS - 1192 - PERIODONTOLOGY - PETTP ( JULY-2018 )_JULY-2018 (OCT-18).pdf
2025-08-07 22:33:11,739 - DEBUG - Validating file: BDS - 1192 - PERIODONTOLOGY - PETTP ( JUNE-2019 )_JUNE-2019 (OCT-19).pdf
2025-08-07 22:33:11,739 - DEBUG - File size: 94291 bytes (92.08 KB)
2025-08-07 22:33:11,749 - DEBUG - PDF pages: 1
2025-08-07 22:33:11,753 - DEBUG - File validated: BDS - 1192 - PERIODONTOLOGY - PETTP ( JUNE-2019 )_JUNE-2019 (OCT-19).pdf
2025-08-07 22:33:11,753 - DEBUG - Validating file: BDS - 1192 - PERIODONTOLOGY - PETTP ( OCTOBER-2020 )_OCTOBER-2020 (OCT-20).pdf
2025-08-07 22:33:11,753 - DEBUG - File size: 95615 bytes (93.37 KB)
2025-08-07 22:33:11,786 - DEBUG - PDF pages: 1
2025-08-07 22:33:11,788 - DEBUG - File validated: BDS - 1192 - PERIODONTOLOGY - PETTP ( OCTOBER-2020 )_OCTOBER-2020 (OCT-20).pdf
2025-08-07 22:33:11,795 - INFO - Validation complete: 31 valid files out of 31 found
2025-08-07 22:33:11,820 - INFO - Sorting PDF files alphabetically...
2025-08-07 22:33:11,831 - INFO - File order for merging:
2025-08-07 22:33:11,836 - INFO -   1. BDS - 1177 - PERIODONTICS - PRTTP ( AUGUST-2007 )_AUGUST-07 (OCT-07).pdf
2025-08-07 22:33:11,836 - INFO -   2. BDS - 1177 - PERIODONTICS - PRTTP ( DECEMBER-2009 )_DECEMBER-2009 (APR-10).pdf
2025-08-07 22:33:11,837 - INFO -   3. BDS - 1177 - PERIODONTICS - PRTTP ( DECEMBER-2010 )_DECEMBER-2010 (APR-11).pdf
2025-08-07 22:33:11,842 - INFO -   4. BDS - 1177 - PERIODONTICS - PRTTP ( DECEMBER-2016 )_DECEMBER-2016 (APR-17).pdf
2025-08-07 22:33:11,851 - INFO -   5. BDS - 1177 - PERIODONTICS - PRTTP ( JANUARY-2008 )_JAN_FEB-2008 (APR-08).pdf
2025-08-07 22:33:11,870 - INFO -   6. BDS - 1177 - PERIODONTICS - PRTTP ( JANUARY-2009 )_DECEMBER-2008 (APR-09).pdf
2025-08-07 22:33:11,877 - INFO -   7. BDS - 1177 - PERIODONTICS - PRTTP ( JULY-AUGUST-2008 )_JULY-AUGUST-2008 (OCT-08).pdf
2025-08-07 22:33:11,882 - INFO -   8. BDS - 1177 - PERIODONTICS - PRTTP ( JUNE-2009 )_JUNE-2009 (OCT-09).pdf
2025-08-07 22:33:11,896 - INFO -   9. BDS - 1177 - PERIODONTICS - PRTTP ( JUNE-2010 )_JUNE-2010 (OCT-10) (1).pdf
2025-08-07 22:33:11,898 - INFO -   10. BDS - 1177 - PERIODONTICS - PRTTP ( JUNE-2010 )_JUNE-2010 (OCT-10).pdf
2025-08-07 22:33:11,900 - INFO -   11. BDS - 1177 - PERIODONTICS - PRTTP ( JUNE-2011 )_JUNE-2011 (OCT-11).pdf
2025-08-07 22:33:11,902 - INFO -   12. BDS - 1177 - PERIODONTICS - PRTTP ( JUNE-2014 )_JUNE-2014 (OCT-14).pdf
2025-08-07 22:33:11,911 - INFO -   13. BDS - 1177 - PERIODONTICS - PRTTP ( JUNE-2015 )_JUNE-2015 (OCT-15).pdf
2025-08-07 22:33:11,915 - INFO -   14. BDS - 1177 - PERIODONTICS - PRTTP ( JUNE-2016 )_JUNE-2016 (OCT-16).pdf
2025-08-07 22:33:11,917 - INFO -   15. BDS - 1177 - PERIODONTICS - PRTTP ( JUNE-2017 )_JUNE-2017 (OCT-17).pdf
2025-08-07 22:33:11,917 - INFO -   16. BDS - 1192 - PERIODONTICS - PRTTP ( APRIL-2024 )_APRIL-2024 (APR-24).pdf
2025-08-07 22:33:11,917 - INFO -   17. BDS - 1192 - PERIODONTICS - PRTTP ( AUGUST-2024 )_AUGUST-2024 (OCT-24).pdf
2025-08-07 22:33:11,917 - INFO -   18. BDS - 1192 - PERIODONTICS - PRTTP ( FEBRUARY-2023 )_FEBRUARY-2023 (APR-23).pdf
2025-08-07 22:33:11,917 - INFO -   19. BDS - 1192 - PERIODONTICS - PRTTP ( MARCH-2021 )_MARCH-2021 (APR-21).pdf
2025-08-07 22:33:11,920 - INFO -   20. BDS - 1192 - PERIODONTICS - PRTTP ( MARCH-2022 )_MARCH-2022 (APR-22).pdf
2025-08-07 22:33:11,920 - INFO -   21. BDS - 1192 - PERIODONTICS - PRTTP ( MARCH-2025 )_MARCH-2025 (APR-25).pdf
2025-08-07 22:33:11,924 - INFO -   22. BDS - 1192 - PERIODONTICS - PRTTP ( NOVEMBER-2021 )_NOVEMBER-2021 (OCT-21).pdf
2025-08-07 22:33:11,926 - INFO -   23. BDS - 1192 - PERIODONTICS - PRTTP ( SEPTEMBER-2022 )_SEPTEMBER-2022 (OCT-22).pdf
2025-08-07 22:33:11,937 - INFO -   24. BDS - 1192 - PERIODONTOLOGY - PETTP ( DECEMBER-2014 )_DECEMBER-2014 (APR-15).pdf
2025-08-07 22:33:11,942 - INFO -   25. BDS - 1192 - PERIODONTOLOGY - PETTP ( DECEMBER-2015 )_DECEMBER-2015 (APR-16).pdf
2025-08-07 22:33:11,950 - INFO -   26. BDS - 1192 - PERIODONTOLOGY - PETTP ( DECEMBER-2017 )_DECEMBER-2017 (APR-18).pdf
2025-08-07 22:33:11,961 - INFO -   27. BDS - 1192 - PERIODONTOLOGY - PETTP ( DECEMBER-2018 )_DECEMBER-2018 (APR-19).pdf
2025-08-07 22:33:11,965 - INFO -   28. BDS - 1192 - PERIODONTOLOGY - PETTP ( DECEMBER-2019 )_DECEMBER-2019 (APR-20).pdf
2025-08-07 22:33:11,966 - INFO -   29. BDS - 1192 - PERIODONTOLOGY - PETTP ( JULY-2018 )_JULY-2018 (OCT-18).pdf
2025-08-07 22:33:11,966 - INFO -   30. BDS - 1192 - PERIODONTOLOGY - PETTP ( JUNE-2019 )_JUNE-2019 (OCT-19).pdf
2025-08-07 22:33:11,967 - INFO -   31. BDS - 1192 - PERIODONTOLOGY - PETTP ( OCTOBER-2020 )_OCTOBER-2020 (OCT-20).pdf
2025-08-07 22:33:11,967 - INFO - Default output filename: merged_pdf_20250807_223311.pdf
2025-08-07 22:33:11,967 - INFO - Starting PDF merge process...
2025-08-07 22:33:11,967 - INFO - Output file: merged_pdf_20250807_223311.pdf
2025-08-07 22:33:11,981 - INFO - [1/31] Processing: BDS - 1177 - PERIODONTICS - PRTTP ( AUGUST-2007 )_AUGUST-07 (OCT-07).pdf
2025-08-07 22:33:11,993 - DEBUG - Adding 1 pages from BDS - 1177 - PERIODONTICS - PRTTP ( AUGUST-2007 )_AUGUST-07 (OCT-07).pdf
2025-08-07 22:33:12,042 - INFO - [2/31] Processing: BDS - 1177 - PERIODONTICS - PRTTP ( DECEMBER-2009 )_DECEMBER-2009 (APR-10).pdf
2025-08-07 22:33:12,048 - DEBUG - Adding 1 pages from BDS - 1177 - PERIODONTICS - PRTTP ( DECEMBER-2009 )_DECEMBER-2009 (APR-10).pdf
2025-08-07 22:33:12,096 - INFO - [3/31] Processing: BDS - 1177 - PERIODONTICS - PRTTP ( DECEMBER-2010 )_DECEMBER-2010 (APR-11).pdf
2025-08-07 22:33:12,105 - DEBUG - Adding 1 pages from BDS - 1177 - PERIODONTICS - PRTTP ( DECEMBER-2010 )_DECEMBER-2010 (APR-11).pdf
2025-08-07 22:33:12,148 - INFO - [4/31] Processing: BDS - 1177 - PERIODONTICS - PRTTP ( DECEMBER-2016 )_DECEMBER-2016 (APR-17).pdf
2025-08-07 22:33:12,150 - DEBUG - Adding 1 pages from BDS - 1177 - PERIODONTICS - PRTTP ( DECEMBER-2016 )_DECEMBER-2016 (APR-17).pdf
2025-08-07 22:33:12,173 - INFO - [5/31] Processing: BDS - 1177 - PERIODONTICS - PRTTP ( JANUARY-2008 )_JAN_FEB-2008 (APR-08).pdf
2025-08-07 22:33:12,183 - DEBUG - Adding 1 pages from BDS - 1177 - PERIODONTICS - PRTTP ( JANUARY-2008 )_JAN_FEB-2008 (APR-08).pdf
2025-08-07 22:33:12,223 - INFO - [6/31] Processing: BDS - 1177 - PERIODONTICS - PRTTP ( JANUARY-2009 )_DECEMBER-2008 (APR-09).pdf
2025-08-07 22:33:12,227 - DEBUG - Adding 1 pages from BDS - 1177 - PERIODONTICS - PRTTP ( JANUARY-2009 )_DECEMBER-2008 (APR-09).pdf
2025-08-07 22:33:12,293 - INFO - [7/31] Processing: BDS - 1177 - PERIODONTICS - PRTTP ( JULY-AUGUST-2008 )_JULY-AUGUST-2008 (OCT-08).pdf
2025-08-07 22:33:12,300 - DEBUG - Adding 1 pages from BDS - 1177 - PERIODONTICS - PRTTP ( JULY-AUGUST-2008 )_JULY-AUGUST-2008 (OCT-08).pdf
2025-08-07 22:33:12,389 - INFO - [8/31] Processing: BDS - 1177 - PERIODONTICS - PRTTP ( JUNE-2009 )_JUNE-2009 (OCT-09).pdf
2025-08-07 22:33:12,392 - DEBUG - Adding 1 pages from BDS - 1177 - PERIODONTICS - PRTTP ( JUNE-2009 )_JUNE-2009 (OCT-09).pdf
2025-08-07 22:33:12,417 - INFO - [9/31] Processing: BDS - 1177 - PERIODONTICS - PRTTP ( JUNE-2010 )_JUNE-2010 (OCT-10) (1).pdf
2025-08-07 22:33:12,420 - DEBUG - Adding 1 pages from BDS - 1177 - PERIODONTICS - PRTTP ( JUNE-2010 )_JUNE-2010 (OCT-10) (1).pdf
2025-08-07 22:33:12,448 - INFO - [10/31] Processing: BDS - 1177 - PERIODONTICS - PRTTP ( JUNE-2010 )_JUNE-2010 (OCT-10).pdf
2025-08-07 22:33:12,455 - DEBUG - Adding 1 pages from BDS - 1177 - PERIODONTICS - PRTTP ( JUNE-2010 )_JUNE-2010 (OCT-10).pdf
2025-08-07 22:33:12,488 - INFO - [11/31] Processing: BDS - 1177 - PERIODONTICS - PRTTP ( JUNE-2011 )_JUNE-2011 (OCT-11).pdf
2025-08-07 22:33:12,491 - DEBUG - Adding 1 pages from BDS - 1177 - PERIODONTICS - PRTTP ( JUNE-2011 )_JUNE-2011 (OCT-11).pdf
2025-08-07 22:33:12,563 - INFO - [12/31] Processing: BDS - 1177 - PERIODONTICS - PRTTP ( JUNE-2014 )_JUNE-2014 (OCT-14).pdf
2025-08-07 22:33:12,575 - DEBUG - Adding 1 pages from BDS - 1177 - PERIODONTICS - PRTTP ( JUNE-2014 )_JUNE-2014 (OCT-14).pdf
2025-08-07 22:33:12,611 - INFO - [13/31] Processing: BDS - 1177 - PERIODONTICS - PRTTP ( JUNE-2015 )_JUNE-2015 (OCT-15).pdf
2025-08-07 22:33:12,620 - DEBUG - Adding 1 pages from BDS - 1177 - PERIODONTICS - PRTTP ( JUNE-2015 )_JUNE-2015 (OCT-15).pdf
2025-08-07 22:33:12,664 - INFO - [14/31] Processing: BDS - 1177 - PERIODONTICS - PRTTP ( JUNE-2016 )_JUNE-2016 (OCT-16).pdf
2025-08-07 22:33:12,669 - DEBUG - Adding 1 pages from BDS - 1177 - PERIODONTICS - PRTTP ( JUNE-2016 )_JUNE-2016 (OCT-16).pdf
2025-08-07 22:33:12,703 - INFO - [15/31] Processing: BDS - 1177 - PERIODONTICS - PRTTP ( JUNE-2017 )_JUNE-2017 (OCT-17).pdf
2025-08-07 22:33:12,710 - DEBUG - Adding 1 pages from BDS - 1177 - PERIODONTICS - PRTTP ( JUNE-2017 )_JUNE-2017 (OCT-17).pdf
2025-08-07 22:33:12,729 - INFO - [16/31] Processing: BDS - 1192 - PERIODONTICS - PRTTP ( APRIL-2024 )_APRIL-2024 (APR-24).pdf
2025-08-07 22:33:12,731 - DEBUG - Adding 1 pages from BDS - 1192 - PERIODONTICS - PRTTP ( APRIL-2024 )_APRIL-2024 (APR-24).pdf
2025-08-07 22:33:12,766 - INFO - [17/31] Processing: BDS - 1192 - PERIODONTICS - PRTTP ( AUGUST-2024 )_AUGUST-2024 (OCT-24).pdf
2025-08-07 22:33:12,772 - DEBUG - Adding 1 pages from BDS - 1192 - PERIODONTICS - PRTTP ( AUGUST-2024 )_AUGUST-2024 (OCT-24).pdf
2025-08-07 22:33:12,813 - INFO - [18/31] Processing: BDS - 1192 - PERIODONTICS - PRTTP ( FEBRUARY-2023 )_FEBRUARY-2023 (APR-23).pdf
2025-08-07 22:33:12,817 - DEBUG - Adding 1 pages from BDS - 1192 - PERIODONTICS - PRTTP ( FEBRUARY-2023 )_FEBRUARY-2023 (APR-23).pdf
2025-08-07 22:33:12,840 - INFO - [19/31] Processing: BDS - 1192 - PERIODONTICS - PRTTP ( MARCH-2021 )_MARCH-2021 (APR-21).pdf
2025-08-07 22:33:12,847 - DEBUG - Adding 1 pages from BDS - 1192 - PERIODONTICS - PRTTP ( MARCH-2021 )_MARCH-2021 (APR-21).pdf
2025-08-07 22:33:12,870 - INFO - [20/31] Processing: BDS - 1192 - PERIODONTICS - PRTTP ( MARCH-2022 )_MARCH-2022 (APR-22).pdf
2025-08-07 22:33:12,877 - DEBUG - Adding 1 pages from BDS - 1192 - PERIODONTICS - PRTTP ( MARCH-2022 )_MARCH-2022 (APR-22).pdf
2025-08-07 22:33:12,893 - INFO - [21/31] Processing: BDS - 1192 - PERIODONTICS - PRTTP ( MARCH-2025 )_MARCH-2025 (APR-25).pdf
2025-08-07 22:33:12,896 - DEBUG - Adding 1 pages from BDS - 1192 - PERIODONTICS - PRTTP ( MARCH-2025 )_MARCH-2025 (APR-25).pdf
2025-08-07 22:33:12,911 - INFO - [22/31] Processing: BDS - 1192 - PERIODONTICS - PRTTP ( NOVEMBER-2021 )_NOVEMBER-2021 (OCT-21).pdf
2025-08-07 22:33:12,917 - DEBUG - Adding 1 pages from BDS - 1192 - PERIODONTICS - PRTTP ( NOVEMBER-2021 )_NOVEMBER-2021 (OCT-21).pdf
2025-08-07 22:33:12,934 - INFO - [23/31] Processing: BDS - 1192 - PERIODONTICS - PRTTP ( SEPTEMBER-2022 )_SEPTEMBER-2022 (OCT-22).pdf
2025-08-07 22:33:12,937 - DEBUG - Adding 1 pages from BDS - 1192 - PERIODONTICS - PRTTP ( SEPTEMBER-2022 )_SEPTEMBER-2022 (OCT-22).pdf
2025-08-07 22:33:12,953 - INFO - [24/31] Processing: BDS - 1192 - PERIODONTOLOGY - PETTP ( DECEMBER-2014 )_DECEMBER-2014 (APR-15).pdf
2025-08-07 22:33:12,957 - DEBUG - Adding 1 pages from BDS - 1192 - PERIODONTOLOGY - PETTP ( DECEMBER-2014 )_DECEMBER-2014 (APR-15).pdf
2025-08-07 22:33:12,966 - INFO - [25/31] Processing: BDS - 1192 - PERIODONTOLOGY - PETTP ( DECEMBER-2015 )_DECEMBER-2015 (APR-16).pdf
2025-08-07 22:33:12,966 - DEBUG - Adding 1 pages from BDS - 1192 - PERIODONTOLOGY - PETTP ( DECEMBER-2015 )_DECEMBER-2015 (APR-16).pdf
2025-08-07 22:33:12,977 - INFO - [26/31] Processing: BDS - 1192 - PERIODONTOLOGY - PETTP ( DECEMBER-2017 )_DECEMBER-2017 (APR-18).pdf
2025-08-07 22:33:12,981 - DEBUG - Adding 1 pages from BDS - 1192 - PERIODONTOLOGY - PETTP ( DECEMBER-2017 )_DECEMBER-2017 (APR-18).pdf
2025-08-07 22:33:12,991 - INFO - [27/31] Processing: BDS - 1192 - PERIODONTOLOGY - PETTP ( DECEMBER-2018 )_DECEMBER-2018 (APR-19).pdf
2025-08-07 22:33:12,995 - DEBUG - Adding 1 pages from BDS - 1192 - PERIODONTOLOGY - PETTP ( DECEMBER-2018 )_DECEMBER-2018 (APR-19).pdf
2025-08-07 22:33:13,007 - INFO - [28/31] Processing: BDS - 1192 - PERIODONTOLOGY - PETTP ( DECEMBER-2019 )_DECEMBER-2019 (APR-20).pdf
2025-08-07 22:33:13,010 - DEBUG - Adding 1 pages from BDS - 1192 - PERIODONTOLOGY - PETTP ( DECEMBER-2019 )_DECEMBER-2019 (APR-20).pdf
2025-08-07 22:33:13,024 - INFO - [29/31] Processing: BDS - 1192 - PERIODONTOLOGY - PETTP ( JULY-2018 )_JULY-2018 (OCT-18).pdf
2025-08-07 22:33:13,026 - DEBUG - Adding 1 pages from BDS - 1192 - PERIODONTOLOGY - PETTP ( JULY-2018 )_JULY-2018 (OCT-18).pdf
2025-08-07 22:33:13,037 - INFO - [30/31] Processing: BDS - 1192 - PERIODONTOLOGY - PETTP ( JUNE-2019 )_JUNE-2019 (OCT-19).pdf
2025-08-07 22:33:13,040 - DEBUG - Adding 1 pages from BDS - 1192 - PERIODONTOLOGY - PETTP ( JUNE-2019 )_JUNE-2019 (OCT-19).pdf
2025-08-07 22:33:13,051 - INFO - [31/31] Processing: BDS - 1192 - PERIODONTOLOGY - PETTP ( OCTOBER-2020 )_OCTOBER-2020 (OCT-20).pdf
2025-08-07 22:33:13,056 - DEBUG - Adding 1 pages from BDS - 1192 - PERIODONTOLOGY - PETTP ( OCTOBER-2020 )_OCTOBER-2020 (OCT-20).pdf
2025-08-07 22:33:13,069 - INFO - Writing merged PDF with 31 total pages...
2025-08-07 22:33:13,149 - INFO - ------------------------------------------------------------
2025-08-07 22:33:13,150 - INFO - MERGE SUMMARY
2025-08-07 22:33:13,150 - INFO - ------------------------------------------------------------
2025-08-07 22:33:13,165 - INFO - 
File Details:
2025-08-07 22:33:13,165 - INFO -   • BDS - 1177 - PERIODONTICS - PRTTP ( AUGUST-2007 )_AUGUST-07 (OCT-07).pdf: 1 pages (92.22 KB)
2025-08-07 22:33:13,166 - INFO -   • BDS - 1177 - PERIODONTICS - PRTTP ( DECEMBER-2009 )_DECEMBER-2009 (APR-10).pdf: 1 pages (96.60 KB)
2025-08-07 22:33:13,166 - INFO -   • BDS - 1177 - PERIODONTICS - PRTTP ( DECEMBER-2010 )_DECEMBER-2010 (APR-11).pdf: 1 pages (96.05 KB)
2025-08-07 22:33:13,166 - INFO -   • BDS - 1177 - PERIODONTICS - PRTTP ( DECEMBER-2016 )_DECEMBER-2016 (APR-17).pdf: 1 pages (90.45 KB)
2025-08-07 22:33:13,166 - INFO -   • BDS - 1177 - PERIODONTICS - PRTTP ( JANUARY-2008 )_JAN_FEB-2008 (APR-08).pdf: 1 pages (89.63 KB)
2025-08-07 22:33:13,166 - INFO -   • BDS - 1177 - PERIODONTICS - PRTTP ( JANUARY-2009 )_DECEMBER-2008 (APR-09).pdf: 1 pages (98.16 KB)
2025-08-07 22:33:13,168 - INFO -   • BDS - 1177 - PERIODONTICS - PRTTP ( JULY-AUGUST-2008 )_JULY-AUGUST-2008 (OCT-08).pdf: 1 pages (88.84 KB)
2025-08-07 22:33:13,168 - INFO -   • BDS - 1177 - PERIODONTICS - PRTTP ( JUNE-2009 )_JUNE-2009 (OCT-09).pdf: 1 pages (96.40 KB)
2025-08-07 22:33:13,168 - INFO -   • BDS - 1177 - PERIODONTICS - PRTTP ( JUNE-2010 )_JUNE-2010 (OCT-10) (1).pdf: 1 pages (97.05 KB)
2025-08-07 22:33:13,168 - INFO -   • BDS - 1177 - PERIODONTICS - PRTTP ( JUNE-2010 )_JUNE-2010 (OCT-10).pdf: 1 pages (97.05 KB)
2025-08-07 22:33:13,168 - INFO -   • BDS - 1177 - PERIODONTICS - PRTTP ( JUNE-2011 )_JUNE-2011 (OCT-11).pdf: 1 pages (96.02 KB)
2025-08-07 22:33:13,168 - INFO -   • BDS - 1177 - PERIODONTICS - PRTTP ( JUNE-2014 )_JUNE-2014 (OCT-14).pdf: 1 pages (105.73 KB)
2025-08-07 22:33:13,168 - INFO -   • BDS - 1177 - PERIODONTICS - PRTTP ( JUNE-2015 )_JUNE-2015 (OCT-15).pdf: 1 pages (97.41 KB)
2025-08-07 22:33:13,168 - INFO -   • BDS - 1177 - PERIODONTICS - PRTTP ( JUNE-2016 )_JUNE-2016 (OCT-16).pdf: 1 pages (92.11 KB)
2025-08-07 22:33:13,168 - INFO -   • BDS - 1177 - PERIODONTICS - PRTTP ( JUNE-2017 )_JUNE-2017 (OCT-17).pdf: 1 pages (90.84 KB)
2025-08-07 22:33:13,168 - INFO -   • BDS - 1192 - PERIODONTICS - PRTTP ( APRIL-2024 )_APRIL-2024 (APR-24).pdf: 1 pages (90.68 KB)
2025-08-07 22:33:13,168 - INFO -   • BDS - 1192 - PERIODONTICS - PRTTP ( AUGUST-2024 )_AUGUST-2024 (OCT-24).pdf: 1 pages (125.75 KB)
2025-08-07 22:33:13,168 - INFO -   • BDS - 1192 - PERIODONTICS - PRTTP ( FEBRUARY-2023 )_FEBRUARY-2023 (APR-23).pdf: 1 pages (93.07 KB)
2025-08-07 22:33:13,168 - INFO -   • BDS - 1192 - PERIODONTICS - PRTTP ( MARCH-2021 )_MARCH-2021 (APR-21).pdf: 1 pages (90.86 KB)
2025-08-07 22:33:13,168 - INFO -   • BDS - 1192 - PERIODONTICS - PRTTP ( MARCH-2022 )_MARCH-2022 (APR-22).pdf: 1 pages (91.84 KB)
2025-08-07 22:33:13,168 - INFO -   • BDS - 1192 - PERIODONTICS - PRTTP ( MARCH-2025 )_MARCH-2025 (APR-25).pdf: 1 pages (126.89 KB)
2025-08-07 22:33:13,168 - INFO -   • BDS - 1192 - PERIODONTICS - PRTTP ( NOVEMBER-2021 )_NOVEMBER-2021 (OCT-21).pdf: 1 pages (93.24 KB)
2025-08-07 22:33:13,168 - INFO -   • BDS - 1192 - PERIODONTICS - PRTTP ( SEPTEMBER-2022 )_SEPTEMBER-2022 (OCT-22).pdf: 1 pages (93.53 KB)
2025-08-07 22:33:13,168 - INFO -   • BDS - 1192 - PERIODONTOLOGY - PETTP ( DECEMBER-2014 )_DECEMBER-2014 (APR-15).pdf: 1 pages (91.22 KB)
2025-08-07 22:33:13,171 - INFO -   • BDS - 1192 - PERIODONTOLOGY - PETTP ( DECEMBER-2015 )_DECEMBER-2015 (APR-16).pdf: 1 pages (90.96 KB)
2025-08-07 22:33:13,171 - INFO -   • BDS - 1192 - PERIODONTOLOGY - PETTP ( DECEMBER-2017 )_DECEMBER-2017 (APR-18).pdf: 1 pages (92.04 KB)
2025-08-07 22:33:13,171 - INFO -   • BDS - 1192 - PERIODONTOLOGY - PETTP ( DECEMBER-2018 )_DECEMBER-2018 (APR-19).pdf: 1 pages (91.52 KB)
2025-08-07 22:33:13,171 - INFO -   • BDS - 1192 - PERIODONTOLOGY - PETTP ( DECEMBER-2019 )_DECEMBER-2019 (APR-20).pdf: 1 pages (93.74 KB)
2025-08-07 22:33:13,173 - INFO -   • BDS - 1192 - PERIODONTOLOGY - PETTP ( JULY-2018 )_JULY-2018 (OCT-18).pdf: 1 pages (91.18 KB)
2025-08-07 22:33:13,173 - INFO -   • BDS - 1192 - PERIODONTOLOGY - PETTP ( JUNE-2019 )_JUNE-2019 (OCT-19).pdf: 1 pages (92.08 KB)
2025-08-07 22:33:13,173 - INFO -   • BDS - 1192 - PERIODONTOLOGY - PETTP ( OCTOBER-2020 )_OCTOBER-2020 (OCT-20).pdf: 1 pages (93.37 KB)
2025-08-07 22:33:13,173 - INFO - ============================================================
2025-08-07 22:33:13,173 - INFO - Debug log saved to: pdf_merger_debug.log
2025-08-07 22:33:13,174 - INFO - ============================================================
